Attempting to parse BI105-3op30-3.mscx
Done parsing BI105-3op30-3.mscx

The following chords could not be parsed:
     mc  mn onset        label
21   17  17     0           V9
29   21  21     0         V9/i
31   22  22   1/2         V9/i
37   26  26     0      .bVII64
38   27  27     0      V9/bVII
40   28  28     0     .bVII(9)
41   28  28   1/4      .bVII\\
44   31  31     0        V9/VI
50   34  34     0      .bVII64
51   35  35     0      V9/bVII
53   36  36     0     .bVII(9)
54   36  36   1/4      .bVII\\
57   39  39     0        V9/VI
61   41  41     0  .iii.#viio2
66   44  44   1/4        .Ger6
76   49  49   1/4           V9
80   51  51   1/4       V9/III
84   53  53   1/4         V9/v
88   55  55   1/4           V9
91   57  57     0   .I.ii6(42)
125  74  74     0        @none
133  78  78     0        @none
152  87  87     0         V[V9
Failed to expand labels due to syntactic errors:
repl_spec() missing 1 required positional argument: 'special'
