Attempting to parse BI105-2op30-2.mscx
MC 56 (5/8) and MC 57 (3/4) don't add up to 3/4.
Done parsing BI105-2op30-2.mscx

The following chords could not be parsed:
     mc  mn onset     label
ix                         
1     3   2     0        V9
13   11  10     0        V9
24   18  17     0      .v.V
29   19  18   1/2  .Fr6/III
35   21  20   1/2    .Fr6/v
45   25  24   1/2      .Fr6
51   27  26   1/2  .Fr6/III
57   29  28   1/2    .Fr6/v
65   32  31   1/8        V9
74   40  39     0    V9/III
84   48  47     0    V9/III
88   50  49     0   .v.V(9)
93   51  50   1/2  .Fr6/III
99   53  52   1/2    .Fr6/v
109  57  56   9/8      .Fr6
115  59  58   1/2  .Fr6/III
121  61  60   1/2    .Fr6/v
129  64  63   1/8        V9
Failed to expand labels due to syntactic errors:
repl_spec() missing 1 required positional argument: 'special'
