Attempting to parse BI105-4op30-4.mscx
Done parsing BI105-4op30-4.mscx

The following chords could not be parsed:
      mc   mn onset     label
ix                           
22     9    9   1/4        V9
26    11   11   1/4        V9
39    19   19   1/2    V9/III
42    21   21     0     .bII6
45    23   23     0     .bII6
48    25   25     0     .bII6
51    27   27     0     .bII6
89    64   64   1/4      .bV+
159   97   97     0  .i.#ivo2
181  105  105   1/4        V9
185  107  107   1/4        V9
198  115  115   1/2    V9/III
201  117  117     0     .bII6
204  119  119     0     .bII6
207  121  121     0     .bII6
210  123  123     0     .bII6
Failed to expand labels due to syntactic errors:
repl_spec() missing 1 required positional argument: 'special'
