Attempting to parse BI126-3op41-1.mscx
Done parsing BI126-3op41-1.mscx

The following chords could not be parsed:
      mc   mn onset   label
ix                         
1      2    2   1/2    .bII
6      4    4   1/2   .bII6
11     6    6   1/2   .bII6
35    23   23     0      V9
41    27   27     0      V9
47    31   31     0      V9
51    33   33     0  .IV.V7
66    38   38   1/4   V9/ii
73    41   41     0      V9
110   63   63   5/8      V9
116   71   71     0  .bII64
117   72   72     0  .bII64
118   72   72   1/4    .bII
124   74   74   1/2   .bII6
128   76   76   1/2   .bII6
133   78   78   1/2   .bII6
158   95   95     0      V9
164   99   99     0      V9
172  103  103   1/2      V9
177  105  105   1/4      V9
190  109  109   1/4      V9
Failed to expand labels due to syntactic errors:
repl_spec() missing 1 required positional argument: 'special'
