Attempting to parse BI126-4op41-3.mscx
Done parsing BI126-4op41-3.mscx

The following chords could not be parsed:
     mc  mn onset    label
ix                        
12    8   8   1/2       V9
25   16  16   1/2   V9/bIV
26   17  17     0     .bIV
28   18  18   1/2   V9/bIV
29   19  19     0     .bIV
31   20  20   1/2       V9
44   28  28   1/2       V9
55   35  35     0    .bIII
58   36  36   1/2  V9/bIII
59   37  37     0    .bIII
60   38  38     0  .bVI.V7
61   38  38   1/2       V9
99   58  58   1/2       V9
105  62  62   1/2      V9/
106  63  63     0     .bIV
108  64  64   1/2   V9/bIV
109  65  65     0     .bIV
111  66  66   1/2       V9
117  70  70   1/2       V9
Failed to expand labels due to syntactic errors:
repl_spec() missing 1 required positional argument: 'special'
