INFO     BI145-1op50-1.ms3 -- Attempting to parse BI145-1op50-1.mscx
INFO     BI145-1op50-1.ms3 -- Done parsing BI145-1op50-1.mscx

WARNING  BI145-1op50-1.expand_labels -- The following chords could not be parsed:
     mc  mn onset label
ix                     
114  55  55     0  V[V9
ERROR    BI145-1op50-1 -- Could not expand labels due to errors:
Traceback (most recent call last):
  File "parallel_parse.py", line 79, in parse
    expanded = expand_labels(chord_list, column='label', regex=REGEX, chord_tones=True, groupby=None, logger_name=S.fname).df
  File "/home/hentsche/corpora/scripts/expand_labels.py", line 452, in __init__
    df = self.propagate_pedal(df, cols=cols)
  File "/home/hentsche/corpora/scripts/expand_labels.py", line 776, in propagate_pedal
    assert n_b == n_e, f"{n_b} organ points started, {n_e} ended! Beginnings:\n{beginnings}\nEndings:\n{endings}"
AssertionError: 3 organ points started, 4 ended! Beginnings:
ix
159    V
165    V
181    V
Name: pedal, dtype: object
Endings:
ix
118    ]
162    ]
168    ]
191    ]
Name: pedalend, dtype: object
