Attempting to parse BI145-3op50-3.mscx
Done parsing BI145-3op50-3.mscx

The following chords could not be parsed:
      mc   mn onset      label
78    47   45     0     .VII.I
83    51   49     0       V9/V
86    53   51     0       V9/V
102   64   62   1/2      @none
116   71   69     0      @none
118   72   70     0      @none
124   74   72     0      @none
127   75   73     0      @none
133   77   75   1/2      @none
134   78   76     0         V9
136   78   76   1/2      @none
142   83   81     0       V9/V
145   85   83     0       V9/V
154   91   89     0       .i.V
176  104  102     0      @none
180  106  104     0      @none
186  109  107   1/2      @none
192  113  111   1/2      @none
197  117  115   1/2      @none
213  125  123   1/4      @none
217  126  124   1/4      @none
245  136  134     0         V9
249  138  136     0      @none
253  140  138     0      @none
258  142  140     0      @none
261  143  141     0      V9(4)
262  143  141   1/8         V9
294  160  158     0      @none
295  160  158   1/8       .bII
301  162  160     0      @none
306  163  161     0       .bII
310  164  162     0       .bIV
311  164  162   1/8      .bii6
322  167  165     0       .bII
323  168  166     0     .bvo64
324  168  166   1/8  .Ger6/bIV
325  168  166   1/4     .bIV64
328  169  167     0       .bIV
342  173  171     0       .bII
354  179  177   1/4      @none
Failed to expand labels due to syntactic errors:
repl_spec() missing 1 required positional argument: 'special'
