INFO     BI153-3op56-3.ms3 -- Attempting to parse BI153-3op56-3.mscx
INFO     BI153-3op56-3.ms3 -- Done parsing BI153-3op56-3.mscx

WARNING  BI153-3op56-3.expand_labels -- The following chords could not be parsed:
      mc   mn onset   label
ix                         
27     9    8   1/2  V#ivo7
124   52   51   1/4   V9/VI
127   53   52   1/8   V9/VI
139   57   56   1/8  V9/VII
142   59   58     0      V9
150   63   62     0      V9
158   67   66     0      V9
165   70   69     0   V9(4)
477  189  188     0      V9
480  191  190     0   V9/iv
484  192  191   1/4      V9
485  193  192     0   V9(6)
486  193  192   5/8      V9
495  199  198     0   V9/iv
498  200  199     0      V9
499  201  200     0   V9(6)
500  201  200   5/8      V9
506  205  204     0      V9
510  207  206     0      V9
WARNING  BI153-3op56-3.expand_labels -- MC 123: The change 5 has no effect in V43
WARNING  BI153-3op56-3.expand_labels -- MC 186: In seventh chords, such as #vii43(7), it is not clear whether the 7 alters the 7 or replaces the 8 and should not be used.
WARNING  BI153-3op56-3.expand_labels -- MC 131: The change 5 has no effect in V43
WARNING  BI153-3op56-3.expand_labels -- MC 83: The change 5 has no effect in V43
WARNING  BI153-3op56-3.expand_labels -- MC 75: The change 5 has no effect in V43
WARNING  BI153-3op56-3.expand_labels -- MC 179: #viio43 in major context is most probably an annotation error.
