INFO     BI157-2op59-2.ms3 -- Attempting to parse BI157-2op59-2.mscx
INFO     BI157-2op59-2.ms3 -- Done parsing BI157-2op59-2.mscx

WARNING  BI157-2op59-2.expand_labels -- The following chords could not be parsed:
     mc  mn onset  label
ix                      
11    8   8   1/2     V9
53   30  30   1/2     V9
62   35  35   1/2  V9/vi
200  92  92   1/4   I[V9
214  98  98   1/4     V9
ERROR    BI157-2op59-2 -- Could not expand labels due to errors:
Traceback (most recent call last):
  File "parallel_parse.py", line 79, in parse
    expanded = expand_labels(chord_list, column='label', regex=REGEX, chord_tones=True, groupby=None, logger_name=S.fname).df
  File "/home/hentsche/corpora/scripts/expand_labels.py", line 452, in __init__
    df = self.propagate_pedal(df, cols=cols)
  File "/home/hentsche/corpora/scripts/expand_labels.py", line 776, in propagate_pedal
    assert n_b == n_e, f"{n_b} organ points started, {n_e} ended! Beginnings:\n{beginnings}\nEndings:\n{endings}"
AssertionError: 13 organ points started, 0 ended! Beginnings:
ix
119    III
124    III
154      V
155      I
164     IV
196      I
197      I
198      I
199      I
201      I
204      I
205      I
221      I
Name: pedal, dtype: object
Endings:
Series([], Name: pedalend, dtype: object)
