INFO     BI157-3op59-3.ms3 -- Attempting to parse BI157-3op59-3.mscx
INFO     BI157-3op59-3.ms3 -- Done parsing BI157-3op59-3.mscx

WARNING  BI157-3op59-3.expand_labels -- The following chords could not be parsed:
      mc   mn onset label
ix                       
116   54   53     0  V9/V
139   64   63     0  V9/V
282  122  121   1/4    V9
364  148  147     0    V9
366  148  147   1/2    V9
374  150  149   1/2    V9
379  152  151     0    V9
381  152  151   1/2    V9
ERROR    BI157-3op59-3 -- Could not expand labels due to errors:
Traceback (most recent call last):
  File "parallel_parse.py", line 79, in parse
    expanded = expand_labels(chord_list, column='label', regex=REGEX, chord_tones=True, groupby=None, logger_name=S.fname).df
  File "/home/hentsche/corpora/scripts/expand_labels.py", line 452, in __init__
    df = self.propagate_pedal(df, cols=cols)
  File "/home/hentsche/corpora/scripts/expand_labels.py", line 776, in propagate_pedal
    assert n_b == n_e, f"{n_b} organ points started, {n_e} ended! Beginnings:\n{beginnings}\nEndings:\n{endings}"
AssertionError: 4 organ points started, 0 ended! Beginnings:
ix
29    III
30    III
39    III
46    III
Name: pedal, dtype: object
Endings:
Series([], Name: pedalend, dtype: object)
