Attempting to parse BI157-1op59-1.mscx
Done parsing BI157-1op59-1.mscx

The following chords could not be parsed:
      mc   mn onset     label
6      4    4   1/2      .bI+
11     7    7     0     @none
15     8    8   1/4    .Fr6/v
26    16   16     0       .bV
41    24   24   1/2     @none
49    27   27   1/4     @none
52    28   28   1/2      .bI+
57    31   31     0     @none
61    32   32   1/4    .Fr6/v
69    37   37     0      .I.I
83    41   41   5/8        V9
104   47   47   1/2      V9/V
106   48   48     0     @none
110   49   49   5/8        V9
126   55   55     0      V9/V
129   56   56   1/2     @none
130   57   57     0      .v.i
136   59   59   1/4      V9/v
139   60   60   1/2     @none
150   64   64   1/2     @none
157   67   67   1/4      V9/v
160   68   68   1/2     @none
187   82   82   1/2      .bI+
192   85   85     0     @none
196   86   86   1/4    .Fr6/v
209   93   93     0  .i.V7/bV
210   94   94     0       .bV
225  102  102   1/2     @none
234  105  105   1/4     @none
237  106  106   1/2      .bI+
242  109  109     0     @none
246  110  110   1/4    .Fr6/v
258  119  119     0     .Ger6
260  122  122   1/4     .Ger6
276  129  129     0        V9
277  129  129   1/4     @none
278  129  129   1/2        V9
Failed to expand labels due to syntactic errors:
repl_spec() missing 1 required positional argument: 'special'
