INFO     BI162-2op63-2.ms3 -- Attempting to parse BI162-2op63-2.mscx
INFO     BI162-2op63-2.ms3 -- Done parsing BI162-2op63-2.mscx

WARNING  BI162-2op63-2.expand_labels -- The following chords could not be parsed:
    mc  mn onset  label
ix                     
0    1   1     0  .f.V9
12   9   9     0     V9
20  15  15     0     V9
25  17  17   1/2     V9
31  21  21   1/2     V9
41  25  25   1/2     V9
48  29  29   1/2     V9
81  49  49     0     V9
89  55  55     0     V9
ERROR    BI162-2op63-2.expand_labels -- Are you expanding labels of several pieces in the same DataFrame? In that case, define 'groupby()' parameters.
ERROR    BI162-2op63-2 -- Could not expand labels due to errors:
Traceback (most recent call last):
  File "parallel_parse.py", line 79, in parse
    expanded = expand_labels(chord_list, column='label', regex=REGEX, chord_tones=True, groupby=None, logger_name=S.fname).df
  File "/home/hentsche/corpora/scripts/expand_labels.py", line 447, in __init__
    df = self.propagate_keys(df, add_bool=True, **key_cols)
  File "/home/hentsche/corpora/scripts/expand_labels.py", line 709, in propagate_keys
    assert nunique > 0, "No global key specified. It might be that this function is being applied in a wrong groupby and gets rows instead of entire frames."
AssertionError: No global key specified. It might be that this function is being applied in a wrong groupby and gets rows instead of entire frames.
