Attempting to parse BI162-3op63-3.mscx
Done parsing BI162-3op63-3.mscx

The following chords could not be parsed:
     mc  mn onset       label
11    9   8   1/2    .Ger6(9)
12    9   8   5/8       .Ger6
24   17  16   1/2       @none
26   18  17   1/2       @none
32   21  20   1/2       @none
34   22  21   1/2       @none
42   25  24   1/4     .Ger6/v
45   26  25   1/2       @none
60   34  33     0     .I.V(4)
105  50  49     0  .i.Ger6(4)
106  50  49   1/4       .Ger6
107  50  49   1/2        .Fr6
115  53  52   1/2       @none
121  57  56   1/2    .Ger6(9)
122  57  56   5/8       .Ger6
132  62  61   1/2    .Ger6(4)
133  62  61   5/8       .Ger6
145  69  68   1/2    .Ger6(9)
146  69  68   5/8       .Ger6
164  74  73   1/2    .Ger6(4)
165  74  73   5/8       .Ger6
166  75  74     0    .Ger6(4)
167  75  74   1/8       .Ger6
168  75  74   1/4    .Ger6(4)
169  75  74   3/8       .Ger6
Failed to expand labels due to syntactic errors:
repl_spec() missing 1 required positional argument: 'special'
