INFO     BI162-1op63-1.ms3 -- Attempting to parse BI162-1op63-1.mscx
INFO     BI162-1op63-1.ms3 -- Done parsing BI162-1op63-1.mscx

WARNING  BI162-1op63-1.expand_labels -- The following chords could not be parsed:
     mc  mn onset label
ix                     
6     5   5     0    V9
11    7   7     0  V9/V
12    8   8     0    V9
14    8   8   1/2    V9
21   13  13     0    V9
26   15  15     0  V9/V
156  73  73     0    V9
161  75  75     0  V9/V
162  76  76     0    V9
164  76  76   1/2    V9
171  81  81     0    V9
176  83  83     0  V9/V
181  85  85     0  V9/V
186  87  87     0  V9/V
ERROR    BI162-1op63-1 -- Could not expand labels due to errors:
Traceback (most recent call last):
  File "parallel_parse.py", line 79, in parse
    expanded = expand_labels(chord_list, column='label', regex=REGEX, chord_tones=True, groupby=None, logger_name=S.fname).df
  File "/home/hentsche/corpora/scripts/expand_labels.py", line 452, in __init__
    df = self.propagate_pedal(df, cols=cols)
  File "/home/hentsche/corpora/scripts/expand_labels.py", line 776, in propagate_pedal
    assert n_b == n_e, f"{n_b} organ points started, {n_e} ended! Beginnings:\n{beginnings}\nEndings:\n{endings}"
AssertionError: 19 organ points started, 0 ended! Beginnings:
ix
9      vi
24     vi
30      V
31      V
32      V
34      V
36      V
37      V
38      V
40      V
151     V
153     V
154     V
159    vi
174    vi
188     V
191     V
192     V
193     V
Name: pedal, dtype: object
Endings:
Series([], Name: pedalend, dtype: object)
