INFO     BI18op68-2.ms3 -- Attempting to parse BI18op68-2.mscx
INFO     BI18op68-2.ms3 -- Done parsing BI18op68-2.mscx

WARNING  BI18op68-2.expand_labels -- The following chords could not be parsed:
    mc  mn onset   label
50  31  29     0  .I.I[I
ERROR    BI18op68-2 -- Could not expand labels due to errors:
Traceback (most recent call last):
  File "scripts/parallel_parse.py", line 93, in parse
    expanded = expand_labels(chord_list, column='label', regex=regex, chord_tones=True, groupby=None, logger_name=S.fname).df
  File "/home/hentsche/corpora/scripts/expand_labels.py", line 421, in __init__
    df = self.propagate_pedal(df, cols=cols)
  File "/home/hentsche/corpora/scripts/expand_labels.py", line 747, in propagate_pedal
    assert n_b == n_e, f"{n_b} organ points started, {n_e} ended:\n{make_comparison()}"
AssertionError: 6 organ points started, 8 ended:
     mc pedal  mc pedalend
0     2     i  17        ]
1    17   III  21        ]
2    22     i  29        ]
3    40     I  30        ]
4    55   III  34        ]
5    59     i  54        ]
6  <NA>   NaN  58        ]
7  <NA>   NaN  66        ]
