Attempting to parse BI61-1op07-1.mscx
Done parsing BI61-1op07-1.mscx

The following chords could not be parsed:
    mc  mn onset     label
4    5   5     0        V9
9    7   7   1/2        V9
20  17  17     0        V9
25  19  19   1/2        V9
32  25  24   1/2      .V.I
44  34  33     0     .I.V7
48  38  37     0        V9
53  40  39   1/2        V9
60  47  45     0    .bVIM7
61  47  45   1/4     .Ger6
62  47  45   1/2      .bVI
63  48  46   1/4  .bVI(#4)
64  48  46   1/2      .bVI
65  49  47     0    .bVIM7
66  49  47   1/4     .Ger6
67  49  47   1/2      .bVI
68  50  48   1/4     .Ger6
69  51  49     0    .bVIM7
70  51  49   1/4     .Ger6
71  51  49   1/2      .bVI
72  52  50   1/4  .bVI(#4)
73  52  50   1/2      .bVI
74  53  51     0    .bVIM7
75  53  51   1/4     .Ger6
76  53  51   1/2      .bVI
83  59  57     0        V9
88  61  59   1/2        V9
Failed to expand labels due to syntactic errors:
repl_spec() missing 1 required positional argument: 'special'
