INFO     BI77-4op17-4.ms3 -- Attempting to parse BI77-4op17-4.mscx
INFO     BI77-4op17-4.ms3 -- Done parsing BI77-4op17-4.mscx

ERROR    BI77-4op17-4 -- Could not expand labels due to errors:
Traceback (most recent call last):
  File "scripts/parallel_parse.py", line 79, in parse
    expanded = expand_labels(chord_list, column='label', regex=REGEX, chord_tones=True, groupby=None, logger_name=S.fname).df
  File "/home/hentsche/corpora/scripts/expand_labels.py", line 421, in __init__
    df = self.propagate_pedal(df, cols=cols)
  File "/home/hentsche/corpora/scripts/expand_labels.py", line 745, in propagate_pedal
    assert n_b == n_e, f"{n_b} organ points started, {n_e} ended! Beginnings:\n{beginnings}\nEndings:\n{endings}"
AssertionError: 4 organ points started, 3 ended! Beginnings:
122    I
132    I
155    I
192    i
Name: pedal, dtype: object
Endings:
129    ]
152    ]
222    ]
Name: pedalend, dtype: object
