INFO     BI77-2op17-2.ms3 -- Attempting to parse BI77-2op17-2.mscx
INFO     BI77-2op17-2.ms3 -- Done parsing BI77-2op17-2.mscx

WARNING  BI77-2op17-2.expand_labels -- The following chords could not be parsed:
     mc  mn onset      label
7     4   3     0  V9(6)/III
8     4   3  3/16     V9/III
35   16  15     0  V9(6)/III
36   16  15   1/8     V9/III
60   26  25   1/2      V9/IV
61   27  26     0        IV[
64   28  27   1/2      V9/IV
76   32  31   1/4      V9/VI
81   34  33   1/2      V9/IV
82   35  34     0        IV[
85   36  35   1/2      V9/IV
118  45  44     0      V9/IV
130  49  48     0      V9/IV
145  56  55     0  V9(6)/III
146  56  55   1/8     V9/III
164  64  63   1/4         V9
170  66  65   1/4         V9
ERROR    BI77-2op17-2 -- Could not expand labels due to errors:
Traceback (most recent call last):
  File "parallel_parse.py", line 79, in parse
    expanded = expand_labels(chord_list, column='label', regex=REGEX, chord_tones=True, groupby=None, logger_name=S.fname).df
  File "/home/hentsche/corpora/scripts/expand_labels.py", line 452, in __init__
    df = self.propagate_pedal(df, cols=cols)
  File "/home/hentsche/corpora/scripts/expand_labels.py", line 776, in propagate_pedal
    assert n_b == n_e, f"{n_b} organ points started, {n_e} ended! Beginnings:\n{beginnings}\nEndings:\n{endings}"
AssertionError: 9 organ points started, 10 ended! Beginnings:
16     i
44     i
53     V
91     I
121    I
132    I
154    i
163    i
173    i
Name: pedal, dtype: object
Endings:
19     ]
47     ]
55     ]
65     ]
86     ]
115    ]
124    ]
134    ]
157    ]
175    ]
Name: pedalend, dtype: object
