Attempting to parse BI89-1op24-1.mscx
Doublings: mc  onset
13  0        i]
    0        i]
Name: chords, dtype: object
Done parsing BI89-1op24-1.mscx

The following chords could not be parsed:
     mc  mn onset   label
24   18  17     0  .III.V
29   19  18   1/2      V9
38   23  22   1/2      V9
49   27  26   1/2      V9
58   31  30   1/2      V9
67   35  32     0  .VI.V9
70   37  34     0      V9
71   37  34   1/2      V9
81   41  38     0      V9
85   43  40     0      V9
88   45  42     0      V9
98   49  46     0      V9
101  50  47   1/2  i/Fr6]
Failed to expand labels due to syntactic errors:
repl_spec() missing 1 required positional argument: 'special'
