Attempting to parse BI89-4op24-4.mscx
Done parsing BI89-4op24-4.mscx

The following chords could not be parsed:
      mc   mn onset        label
12     8    7     0    V9(6)/III
17    10    9     0      V9(6)/v
22    12   11   1/4           V9
26    14   13   3/8        V9(6)
32    16   15   3/8    V9(6)/III
38    18   17   3/8      V9(6)/v
42    20   19     0       V9(b3)
43    20   19   1/4           V9
47    22   21     0           V9
51    24   23     0           V9
68    30   29     0           V9
72    32   31     0           V9
83    36   35   1/4           V9
84    36   35   1/2        @none
86    38   37     0     .i.V7(6)
87    38   37   3/8        V9(6)
93    40   39   3/8    V9(6)/III
99    42   41   3/8      V9(6)/v
103   44   43   1/4           V9
107   46   45     0        V9(6)
112   48   47     0    V9(6)/III
117   50   49     0      V9(6)/v
121   52   51     0       V9(b3)
122   52   51   1/4           V9
125   55   52     0        @none
127   57   54     0        @none
139   64   59     0  .III.ii6(7)
156   75   70     0      .bIII\\
162   79   74     0           V9
167   81   76   1/4           V9
181   91   86     0      .bIII\\
187   94   89   1/2        @none
188   95   90     0           V9
189   95   90   1/2        @none
191   96   91   1/2        @none
193   97   92   1/2        @none
195   98   93   1/2        @none
196  102   97     0     .i.V7(6)
198  102   97   3/8        V9(6)
204  104   99   3/8    V9(6)/III
210  106  101   3/8      V9(6)/v
214  108  103   1/4           V9
218  110  105     0        V9(6)
223  112  107     0    V9(6)/III
228  114  109     0      V9(6)/v
232  116  111     0       V9(b3)
233  116  111   1/4           V9
274  141  136   1/2        .Ger6
Failed to expand labels due to syntactic errors:
repl_spec() missing 1 required positional argument: 'special'
