INFO     BI93-2op67-3.ms3 -- Attempting to parse BI93-2op67-3.mscx
INFO     BI93-2op67-3.ms3 -- Done parsing BI93-2op67-3.mscx

WARNING  BI93-2op67-3.expand_labels -- The following chords could not be parsed:
    mc  mn onset label
2    3   2   1/4  V9/V
25  16  15   1/2    V9
30  19  18   1/4  V9/V
41  26  25     0    I[
52  32  31   1/2    V9
72  43  42   1/4  V9/V
94  56  55   1/2    V9
ERROR    BI93-2op67-3 -- Could not expand labels due to errors:
Traceback (most recent call last):
  File "parallel_parse.py", line 79, in parse
    expanded = expand_labels(chord_list, column='label', regex=REGEX, chord_tones=True, groupby=None, logger_name=S.fname).df
  File "/home/hentsche/corpora/scripts/expand_labels.py", line 452, in __init__
    df = self.propagate_pedal(df, cols=cols)
  File "/home/hentsche/corpora/scripts/expand_labels.py", line 776, in propagate_pedal
    assert n_b == n_e, f"{n_b} organ points started, {n_e} ended! Beginnings:\n{beginnings}\nEndings:\n{endings}"
AssertionError: 6 organ points started, 7 ended! Beginnings:
0     I
14    I
28    I
55    V
70    I
83    I
Name: pedal, dtype: object
Endings:
7     ]
21    ]
35    ]
48    ]
65    ]
77    ]
90    ]
Name: pedalend, dtype: object
