After conversion, measure numbers were automatically corrected for pieces featuring a pickup measure using JH's MuseScore2-parser.

2019-02-08 12:04:44.920032
Crawl URL http://kern.ccarh.org/cgi-bin/ksbrowse?type=collection&l=/users/craig/classical/chopin/mazurka for krn-files and downloaded them as XML.

Downloaded mazurka06-1.xml
initScoreFonts 0x7fc5dfc3fd80
libpng warning: iCCP: known incorrect sRGB profile
convert <mazurka06-1.xml> to <mazurka06-1.mscx>
Error at line 22 col 15: no instrument found for part 'P1'
implicit tuplet start cr 0x7fc5dfd9c860 tick 480 track 0
implicit tuplet start cr 0x7fc5de409190 tick 3360 track 0
implicit tuplet start cr 0x7fc5e4801d90 tick 6240 track 0
implicit tuplet start cr 0x7fc5e4805390 tick 7680 track 0
implicit tuplet start cr 0x7fc5e4808780 tick 9120 track 0
implicit tuplet start cr 0x7fc5e480bbd0 tick 10560 track 0
implicit tuplet start cr 0x7fc5e480e970 tick 12000 track 0
implicit tuplet start cr 0x7fc5e4814b80 tick 14880 track 0
implicit tuplet start cr 0x7fc5e48249f0 tick 22080 track 0
implicit tuplet start cr 0x7fc5e4838fb0 tick 33600 track 0
determineTupletBaseLen(0x7fc5e48394d0) cannot divide count 9 by 5
implicit tuplet start cr 0x7fc5e483b3c0 tick 34896 track 0
implicit tuplet start cr 0x7fc5e4842d80 tick 38080 track 0
implicit tuplet start cr 0x7fc5e4849e00 tick 40960 track 0
implicit tuplet start cr 0x7fc5e484d290 tick 42400 track 0
implicit tuplet start cr 0x7fc5e4850790 tick 43840 track 0
implicit tuplet start cr 0x7fc5e4853880 tick 45280 track 0
implicit tuplet start cr 0x7fc5e4856e60 tick 46720 track 0
implicit tuplet start cr 0x7fc5e485c860 tick 49600 track 0
implicit tuplet start cr 0x7fc5e486cda0 tick 56800 track 0
implicit tuplet start cr 0x7fc5e48a2e10 tick 81280 track 0
implicit tuplet start cr 0x7fc5e48a88a0 tick 84160 track 0
implicit tuplet start cr 0x7fc5e48afbe0 tick 87040 track 0
implicit tuplet start cr 0x7fc5e48b3070 tick 88480 track 0
implicit tuplet start cr 0x7fc5e48b6570 tick 89920 track 0
implicit tuplet start cr 0x7fc5e48b9ab0 tick 91360 track 0
implicit tuplet start cr 0x7fc5e48bca90 tick 92800 track 0
implicit tuplet start cr 0x7fc5e48927c0 tick 95680 track 0
implicit tuplet start cr 0x7fc5e48c87d0 tick 102880 track 0
Error at line 6865 col 15: no instrument found for part 'P2'
implicit tuplet start cr 0x7fc5e48def20 tick 22240 track 4
determineTupletBaseLen(0x7fc5e48df560) cannot divide count 4 by 3
implicit tuplet start cr 0x7fc5e48ee9e0 tick 33888 track 4
determineTupletBaseLen(0x7fc5e48eef90) cannot divide count 9 by 5
implicit tuplet start cr 0x7fc5e3441940 tick 56800 track 4
Segment::add(Clef) there is already a Clef at 41:2:0(58560) track 4. score 0x7fc5df033000
Segment::add(Clef) there is already a Clef at 43:0:0(60480) track 4. score 0x7fc5df033000
Segment::add(Clef) there is already a Clef at 43:2:0(61440) track 4. score 0x7fc5df033000
Segment::add(Clef) there is already a Clef at 45:0:0(63360) track 4. score 0x7fc5df033000
Segment::add(Clef) there is already a Clef at 45:2:0(64320) track 4. score 0x7fc5df033000
Segment::add(Clef) there is already a Clef at 47:0:0(66240) track 4. score 0x7fc5df033000
Segment::add(Clef) there is already a Clef at 47:2:0(67200) track 4. score 0x7fc5df033000
Segment::add(Clef) there is already a Clef at 49:0:0(69120) track 4. score 0x7fc5df033000
Segment::add(Clef) there is already a Clef at 49:2:0(70080) track 4. score 0x7fc5df033000
Segment::add(Clef) there is already a Clef at 51:0:0(72000) track 4. score 0x7fc5df033000
Segment::add(Clef) there is already a Clef at 51:2:0(72960) track 4. score 0x7fc5df033000
Segment::add(Clef) there is already a Clef at 53:0:0(74880) track 4. score 0x7fc5df033000
Segment::add(Clef) there is already a Clef at 55:0:0(77760) track 4. score 0x7fc5df033000
Segment::add(Clef) there is already a Clef at 55:2:0(78720) track 4. score 0x7fc5df033000
implicit tuplet start cr 0x7fc5e34d9fd0 tick 102880 track 4
Converted to MSCX using MuseScore


Downloaded mazurka06-2.xml
initScoreFonts 0x7f9e4bd4b950
libpng warning: iCCP: known incorrect sRGB profile
convert <mazurka06-2.xml> to <mazurka06-2.mscx>
Error at line 24 col 15: no instrument found for part 'P1'
implicit tuplet start cr 0x7f9e50e9ec60 tick 4320 track 1
implicit tuplet start cr 0x7f9e50ea4920 tick 10080 track 0
implicit tuplet start cr 0x7f9e50ea9fa0 tick 15840 track 0
implicit tuplet start cr 0x7f9e50e90fa0 tick 27360 track 0
handleBeamAndStemDir() in beam, bm 0 -> abort beam
implicit tuplet start cr 0x7f9e50e95530 tick 38880 track 0
implicit tuplet start cr 0x7f9e50ed35a0 tick 73440 track 1
implicit tuplet start cr 0x7f9e50edbdc0 tick 79200 track 0
implicit tuplet start cr 0x7f9e50ee2690 tick 84960 track 0
implicit tuplet start cr 0x7f9e50e856d0 tick 95040 track 0
determineTupletBaseLen(0x7f9e50e86220) cannot divide count 5 by 3
implicit tuplet start cr 0x7f9e50e86cc0 tick 95440 track 0
implicit tuplet start cr 0x7f9e4bef6900 tick 96640 track 0
Error at line 4984 col 15: no instrument found for part 'P2'
implicit tuplet start cr 0x7f9e4e692730 tick 3040 track 4
implicit tuplet start cr 0x7f9e4e696f50 tick 5920 track 4
implicit tuplet start cr 0x7f9e4e69bbf0 tick 8800 track 4
implicit tuplet start cr 0x7f9e4e6da310 tick 72160 track 4
implicit tuplet start cr 0x7f9e4e6dec60 tick 75040 track 4
implicit tuplet start cr 0x7f9e4e6e4420 tick 77920 track 4
Converted to MSCX using MuseScore


Downloaded mazurka06-3.xml
initScoreFonts 0x7ff6e94d4030
libpng warning: iCCP: known incorrect sRGB profile
convert <mazurka06-3.xml> to <mazurka06-3.mscx>
Error at line 24 col 15: no instrument found for part 'P1'
implicit tuplet start cr 0x7ff6ee569430 tick 14400 track 0
implicit tuplet start cr 0x7ff6ee5c5280 tick 17280 track 0
implicit tuplet start cr 0x7ff6ee477460 tick 31680 track 0
implicit tuplet start cr 0x7ff6ee47cb70 tick 34560 track 0
handleBeamAndStemDir() in beam, bm 0 -> abort beam
handleBeamAndStemDir() in beam, bm 0 -> abort beam
implicit tuplet start cr 0x7ff6ee4d88f0 tick 100800 track 0
implicit tuplet start cr 0x7ff6ee4df170 tick 103680 track 0
implicit tuplet start cr 0x7ff6ea5e1570 tick 118080 track 0
implicit tuplet start cr 0x7ff6ea5d47b0 tick 120960 track 0
Error at line 7939 col 15: no instrument found for part 'P2'
Converted to MSCX using MuseScore


Downloaded mazurka06-4.xml
initScoreFonts 0x7f89d765bf60
libpng warning: iCCP: known incorrect sRGB profile
convert <mazurka06-4.xml> to <mazurka06-4.mscx>
Error at line 23 col 15: no instrument found for part 'P1'
implicit tuplet start cr 0x7f89d9f9cb50 tick 12480 track 0
implicit tuplet start cr 0x7f89d9ff3280 tick 18240 track 0
Error at line 2009 col 15: no instrument found for part 'P2'
Converted to MSCX using MuseScore


Downloaded mazurka07-1.xml
initScoreFonts 0x7fac88d21120
libpng warning: iCCP: known incorrect sRGB profile
convert <mazurka07-1.xml> to <mazurka07-1.mscx>
Error at line 23 col 15: no instrument found for part 'P1'
handleBeamAndStemDir() in beam, bm 0 -> abort beam
handleBeamAndStemDir() in beam, bm 0 -> abort beam
handleBeamAndStemDir() in beam, bm 0 -> abort beam
handleBeamAndStemDir() in beam, bm 0 -> abort beam
handleBeamAndStemDir() in beam, bm 0 -> abort beam
handleBeamAndStemDir() in beam, bm 0 -> abort beam
implicit tuplet start cr 0x7fac8dce9e00 tick 38880 track 0
implicit tuplet start cr 0x7fac89e87a90 tick 44640 track 0
implicit tuplet start cr 0x7fac8dcb7e90 tick 45600 track 0
handleBeamAndStemDir() in beam, bm 0 -> abort beam
handleBeamAndStemDir() in beam, bm 0 -> abort beam
handleBeamAndStemDir() in beam, bm 0 -> abort beam
implicit tuplet start cr 0x7fac8dbe2760 tick 67680 track 0
implicit tuplet start cr 0x7fac8df08a10 tick 73440 track 0
handleBeamAndStemDir() in beam, bm 0 -> abort beam
handleBeamAndStemDir() in beam, bm 0 -> abort beam
handleBeamAndStemDir() in beam, bm 0 -> abort beam
Error at line 4503 col 15: no instrument found for part 'P2'
Converted to MSCX using MuseScore


Downloaded mazurka07-2.xml
initScoreFonts 0x7f89d376e9f0
libpng warning: iCCP: known incorrect sRGB profile
convert <mazurka07-2.xml> to <mazurka07-2.mscx>
Error at line 23 col 15: no instrument found for part 'P1'
implicit tuplet start cr 0x7f89d36f3540 tick 3360 track 0
implicit tuplet start cr 0x7f89d8f00bf0 tick 6240 track 0
implicit tuplet start cr 0x7f89d8c3ee90 tick 14880 track 0
addGraceChordsAfter chord 0x7f89d8c4f9c0 grace after chord 0x7f89d8c4ff80
implicit tuplet start cr 0x7f89d8c30d20 tick 17760 track 0
implicit tuplet start cr 0x7f89d8c591d0 tick 37920 track 0
implicit tuplet start cr 0x7f89d8c5e710 tick 40800 track 0
implicit tuplet start cr 0x7f89d8c69ae0 tick 51840 track 0
implicit tuplet start cr 0x7f89d8c3fa90 tick 53280 track 0
implicit tuplet start cr 0x7f89d8c6fe10 tick 54720 track 0
implicit tuplet start cr 0x7f89d8c735e0 tick 56160 track 0
implicit tuplet start cr 0x7f89d5cf45b0 tick 57600 track 0
implicit tuplet start cr 0x7f89d8c775f0 tick 60480 track 0
implicit tuplet start cr 0x7f89d8c7d820 tick 63360 track 0
implicit tuplet start cr 0x7f89d8c835b0 tick 66240 track 0
implicit tuplet start cr 0x7f89d88b2aa0 tick 74880 track 0
implicit tuplet start cr 0x7f89d8c8ae60 tick 76320 track 0
implicit tuplet start cr 0x7f89d8c8e240 tick 77760 track 0
implicit tuplet start cr 0x7f89d8c91e70 tick 79200 track 0
implicit tuplet start cr 0x7f89d8c95b10 tick 80640 track 0
implicit tuplet start cr 0x7f89d8c98b00 tick 82080 track 0
Error at line 4992 col 15: no instrument found for part 'P2'
implicit tuplet start cr 0x7f89d8cacee0 tick 60480 track 4
implicit tuplet start cr 0x7f89d8cb0a10 tick 63360 track 4
implicit tuplet start cr 0x7f89d8cb4670 tick 66240 track 4
Converted to MSCX using MuseScore


Downloaded mazurka07-3.xml
initScoreFonts 0x7f8f29c8e6e0
libpng warning: iCCP: known incorrect sRGB profile
convert <mazurka07-3.xml> to <mazurka07-3.mscx>
Error at line 23 col 15: no instrument found for part 'P1'
handleBeamAndStemDir() in beam, bm 0 -> abort beam
implicit tuplet start cr 0x7f8f2e243e10 tick 12960 track 0
handleBeamAndStemDir() in beam, bm 0 -> abort beam
implicit tuplet start cr 0x7f8f2e249090 tick 15840 track 0
handleBeamAndStemDir() in beam, bm 0 -> abort beam
implicit tuplet start cr 0x7f8f2e24e170 tick 18720 track 0
handleBeamAndStemDir() in beam, bm 0 -> abort beam
handleBeamAndStemDir() in beam, bm 0 -> abort beam
implicit tuplet start cr 0x7f8f2e2584c0 tick 24480 track 0
handleBeamAndStemDir() in beam, bm 0 -> abort beam
implicit tuplet start cr 0x7f8f2e25d6e0 tick 27360 track 0
handleBeamAndStemDir() in beam, bm 0 -> abort beam
implicit tuplet start cr 0x7f8f2e262900 tick 30240 track 0
handleBeamAndStemDir() in beam, bm 0 -> abort beam
handleBeamAndStemDir() in beam, bm 0 -> abort beam
addGraceChordsAfter chord 0x7f8f2e272bf0 grace after chord 0x7f8f2e273470
handleBeamAndStemDir() in beam, bm 0 -> abort beam
addGraceChordsAfter chord 0x7f8f2e2859e0 grace after chord 0x7f8f2e286260
handleBeamAndStemDir() in beam, bm 0 -> abort beam
implicit tuplet start cr 0x7f8f2e346f30 tick 122400 track 0
handleBeamAndStemDir() in beam, bm 0 -> abort beam
implicit tuplet start cr 0x7f8f2e34bbd0 tick 125280 track 0
handleBeamAndStemDir() in beam, bm 0 -> abort beam
implicit tuplet start cr 0x7f8f2e3508a0 tick 128160 track 0
handleBeamAndStemDir() in beam, bm 0 -> abort beam
handleBeamAndStemDir() in beam, bm 0 -> abort beam
implicit tuplet start cr 0x7f8f2e35a1a0 tick 133920 track 0
handleBeamAndStemDir() in beam, bm 0 -> abort beam
implicit tuplet start cr 0x7f8f2ccf6ea0 tick 136800 track 0
implicit tuplet start cr 0x7f8f2ccf3430 tick 139680 track 0
handleBeamAndStemDir() in beam, bm 0 -> abort beam
implicit tuplet start cr 0x7f8f29c05ad0 tick 142560 track 0
handleBeamAndStemDir() in beam, bm 0 -> abort beam
implicit tuplet start cr 0x7f8f29c08dd0 tick 145440 track 0
handleBeamAndStemDir() in beam, bm 0 -> abort beam
implicit tuplet start cr 0x7f8f2cca1620 tick 148320 track 0
Error at line 8114 col 15: no instrument found for part 'P2'
Converted to MSCX using MuseScore


Downloaded mazurka07-4.xml
initScoreFonts 0x7f823652afe0
libpng warning: iCCP: known incorrect sRGB profile
convert <mazurka07-4.xml> to <mazurka07-4.mscx>
Error at line 23 col 15: no instrument found for part 'P1'
implicit tuplet start cr 0x7f8237da32c0 tick 240 track 0
implicit tuplet start cr 0x7f8237dba300 tick 1680 track 0
implicit tuplet start cr 0x7f8237dc23d0 tick 6000 track 0
implicit tuplet start cr 0x7f8237dc5a70 tick 7440 track 0
handleBeamAndStemDir() in beam, bm 0 -> abort beam
implicit tuplet start cr 0x7f8237ddafb0 tick 23280 track 0
implicit tuplet start cr 0x7f823c0021b0 tick 24720 track 0
implicit tuplet start cr 0x7f823c006690 tick 29040 track 0
handleBeamAndStemDir() in beam, bm 0 -> abort beam
implicit tuplet start cr 0x7f8237ddd750 tick 30480 track 0
handleBeamAndStemDir() in beam, bm 0 -> abort beam
implicit tuplet start cr 0x7f823c01b220 tick 52080 track 0
implicit tuplet start cr 0x7f823c01e590 tick 53520 track 0
implicit tuplet start cr 0x7f823c026610 tick 57840 track 0
implicit tuplet start cr 0x7f823c029ab0 tick 59280 track 0
handleBeamAndStemDir() in beam, bm 0 -> abort beam
Error at line 4070 col 15: no instrument found for part 'P2'
Converted to MSCX using MuseScore


Downloaded mazurka07-5.xml
initScoreFonts 0x7fc84ae970b0
libpng warning: iCCP: known incorrect sRGB profile
convert <mazurka07-5.xml> to <mazurka07-5.mscx>
Error at line 23 col 15: no instrument found for part 'P1'
implicit tuplet start cr 0x7fc84fb5c7f0 tick 5760 track 0
implicit tuplet start cr 0x7fc84fb5f5b0 tick 7200 track 0
handleBeamAndStemDir() in beam, bm 0 -> abort beam
handleBeamAndStemDir() in beam, bm 0 -> abort beam
implicit tuplet start cr 0x7fc84fb66d50 tick 11520 track 0
implicit tuplet start cr 0x7fc84fb69990 tick 12960 track 0
handleBeamAndStemDir() in beam, bm 0 -> abort beam
handleBeamAndStemDir() in beam, bm 0 -> abort beam
implicit tuplet start cr 0x7fc84fd14c60 tick 17280 track 0
implicit tuplet start cr 0x7fc84fd37d30 tick 18720 track 0
handleBeamAndStemDir() in beam, bm 0 -> abort beam
handleBeamAndStemDir() in beam, bm 0 -> abort beam
implicit tuplet start cr 0x7fc84ac06460 tick 23040 track 0
implicit tuplet start cr 0x7fc84c6fa9c0 tick 24480 track 0
handleBeamAndStemDir() in beam, bm 0 -> abort beam
handleBeamAndStemDir() in beam, bm 0 -> abort beam
Error at line 1356 col 15: no instrument found for part 'P2'
Converted to MSCX using MuseScore


Downloaded mazurka17-1.xml
initScoreFonts 0x7fe5c76675d0
libpng warning: iCCP: known incorrect sRGB profile
convert <mazurka17-1.xml> to <mazurka17-1.mscx>
Error at line 24 col 15: no instrument found for part 'P1'
Info at line 4868 col 35: ignoring lyrics on grace notes
Error at line 5571 col 15: no instrument found for part 'P2'
Converted to MSCX using MuseScore


Downloaded mazurka17-2.xml
initScoreFonts 0x7fa72c66a270
libpng warning: iCCP: known incorrect sRGB profile
convert <mazurka17-2.xml> to <mazurka17-2.mscx>
Error at line 24 col 15: no instrument found for part 'P1'
handleBeamAndStemDir() in beam, bm 0 -> abort beam
handleBeamAndStemDir() in beam, bm 0 -> abort beam
handleBeamAndStemDir() in beam, bm 0 -> abort beam
handleBeamAndStemDir() in beam, bm 0 -> abort beam
handleBeamAndStemDir() in beam, bm 0 -> abort beam
handleBeamAndStemDir() in beam, bm 0 -> abort beam
handleBeamAndStemDir() in beam, bm 0 -> abort beam
handleBeamAndStemDir() in beam, bm 0 -> abort beam
handleBeamAndStemDir() in beam, bm 0 -> abort beam
handleBeamAndStemDir() in beam, bm 0 -> abort beam
handleBeamAndStemDir() in beam, bm 0 -> abort beam
handleBeamAndStemDir() in beam, bm 0 -> abort beam
implicit tuplet start cr 0x7fa731345140 tick 32640 track 0
implicit tuplet start cr 0x7fa7313283f0 tick 33120 track 0
implicit tuplet start cr 0x7fa731329d00 tick 33600 track 0
handleBeamAndStemDir() in beam, bm 0 -> abort beam
handleBeamAndStemDir() in beam, bm 0 -> abort beam
handleBeamAndStemDir() in beam, bm 0 -> abort beam
handleBeamAndStemDir() in beam, bm 0 -> abort beam
handleBeamAndStemDir() in beam, bm 0 -> abort beam
handleBeamAndStemDir() in beam, bm 0 -> abort beam
handleBeamAndStemDir() in beam, bm 0 -> abort beam
handleBeamAndStemDir() in beam, bm 0 -> abort beam
handleBeamAndStemDir() in beam, bm 0 -> abort beam
handleBeamAndStemDir() in beam, bm 0 -> abort beam
handleBeamAndStemDir() in beam, bm 0 -> abort beam
handleBeamAndStemDir() in beam, bm 0 -> abort beam
handleBeamAndStemDir() in beam, bm 0 -> abort beam
implicit tuplet start cr 0x7fa7312ba700 tick 90720 track 0
implicit tuplet start cr 0x7fa7312e04c0 tick 93600 track 0
implicit tuplet start cr 0x7fa7312e2410 tick 94560 track 0
implicit tuplet start cr 0x7fa7312e32a0 tick 95040 track 0
implicit tuplet start cr 0x7fa7312e4a20 tick 96000 track 0
implicit tuplet start cr 0x7fa7312e58b0 tick 96480 track 0
implicit tuplet start cr 0x7fa7312e6c70 tick 96960 track 0
Error at line 5533 col 15: no instrument found for part 'P2'
handleBeamAndStemDir() in beam, bm 0 -> abort beam
Converted to MSCX using MuseScore


Downloaded mazurka17-3.xml
initScoreFonts 0x7fe66ab07ee0
libpng warning: iCCP: known incorrect sRGB profile
convert <mazurka17-3.xml> to <mazurka17-3.mscx>
Error at line 24 col 15: no instrument found for part 'P1'
implicit tuplet start cr 0x7fe66fd35c90 tick 15360 track 0
implicit tuplet start cr 0x7fe66fd37500 tick 15840 track 0
determineTupletBaseLen(0x7fe66fd37e70) cannot divide count 5 by 3
implicit tuplet start cr 0x7fe66fd38950 tick 16240 track 0
implicit tuplet start cr 0x7fe66fd5bdb0 tick 39040 track 0
implicit tuplet start cr 0x7fe66fd5c9e0 tick 39280 track 0
handleBeamAndStemDir() in beam, bm 0 -> abort beam
implicit tuplet start cr 0x7fe66fd6c260 tick 49600 track 0
implicit tuplet start cr 0x7fe66fd6d910 tick 50080 track 0
implicit tuplet start cr 0x7fe66fd6f140 tick 50560 track 0
implicit tuplet start cr 0x7fe66fd6ff30 tick 50800 track 0
implicit tuplet start cr 0x7fe66fd9cbb0 tick 82240 track 0
implicit tuplet start cr 0x7fe66fd9eea0 tick 83200 track 0
implicit tuplet start cr 0x7fe66fda0b60 tick 83680 track 0
implicit tuplet start cr 0x7fe66fda39d0 tick 85120 track 0
implicit tuplet start cr 0x7fe66fda65e0 tick 86080 track 0
implicit tuplet start cr 0x7fe66fda82a0 tick 86560 track 0
implicit tuplet start cr 0x7fe66fdaa710 tick 88000 track 0
implicit tuplet start cr 0x7fe66fdaca10 tick 88960 track 0
implicit tuplet start cr 0x7fe66fdae6c0 tick 89440 track 0
implicit tuplet start cr 0x7fe66fdb1300 tick 90880 track 0
implicit tuplet start cr 0x7fe66fdb3f40 tick 91840 track 0
implicit tuplet start cr 0x7fe66fdb5c00 tick 92320 track 0
Error at line 5656 col 15: no instrument found for part 'P2'
handleBeamAndStemDir() in beam, bm 0 -> abort beam
handleBeamAndStemDir() in beam, bm 0 -> abort beam
handleBeamAndStemDir() in beam, bm 0 -> abort beam
handleBeamAndStemDir() in beam, bm 0 -> abort beam
Segment::add(Clef) there is already a Clef at 40:0:0(56160) track 4. score 0x7fe66b971800
Converted to MSCX using MuseScore


Downloaded mazurka17-4.xml
initScoreFonts 0x7f919c4063c0
libpng warning: iCCP: known incorrect sRGB profile
convert <mazurka17-4.xml> to <mazurka17-4.mscx>
Error at line 24 col 15: no instrument found for part 'P1'
implicit tuplet start cr 0x7f919f2e0420 tick 4320 track 0
implicit tuplet start cr 0x7f919f607b00 tick 17280 track 0
implicit tuplet start cr 0x7f919f608e70 tick 17760 track 0
implicit tuplet start cr 0x7f919f60a1e0 tick 18240 track 0
handleBeamAndStemDir() in beam, bm 0 -> abort beam
implicit tuplet start cr 0x7f919f60ac40 tick 18480 track 0
implicit tuplet start cr 0x7f919f60cc80 tick 20160 track 0
implicit tuplet start cr 0x7f919f60ecf0 tick 20640 track 0
implicit tuplet start cr 0x7f919f2e3000 tick 21120 track 0
implicit tuplet start cr 0x7f919f2e6640 tick 24480 track 0
implicit tuplet start cr 0x7f919f2e7c50 tick 24720 track 0
implicit tuplet start cr 0x7f919f2ef6a0 tick 32160 track 0
implicit tuplet start cr 0x7f919f2f6fa0 tick 40320 track 0
implicit tuplet start cr 0x7f919f2f8310 tick 40560 track 0
implicit tuplet start cr 0x7f919f2f94e0 tick 40800 track 0
implicit tuplet start cr 0x7f919f610aa0 tick 41280 track 0
implicit tuplet start cr 0x7f919f6132e0 tick 43200 track 0
implicit tuplet start cr 0x7f919f615310 tick 43680 track 0
implicit tuplet start cr 0x7f919f617460 tick 44160 track 0
implicit tuplet start cr 0x7f919f61b1d0 tick 47520 track 0
implicit tuplet start cr 0x7f919f61cb40 tick 47760 track 0
implicit tuplet start cr 0x7f919f624540 tick 53280 track 0
implicit tuplet start cr 0x7f919f6273a0 tick 54720 track 0
handleBeamAndStemDir() in beam, bm 0 -> abort beam
implicit tuplet start cr 0x7f919f62aac0 tick 56160 track 0
implicit tuplet start cr 0x7f919f631250 tick 59040 track 0
implicit tuplet start cr 0x7f919f634450 tick 60480 track 0
implicit tuplet start cr 0x7f919f664e80 tick 61920 track 0
implicit tuplet start cr 0x7f919f63ec80 tick 66720 track 0
implicit tuplet start cr 0x7f919f6452e0 tick 75360 track 0
implicit tuplet start cr 0x7f919f646990 tick 75840 track 0
handleBeamAndStemDir() in beam, bm 0 -> abort beam
implicit tuplet start cr 0x7f919f647200 tick 76080 track 0
implicit tuplet start cr 0x7f919f648b00 tick 77280 track 0
implicit tuplet start cr 0x7f919f64a300 tick 77760 track 0
implicit tuplet start cr 0x7f919f64c960 tick 78240 track 0
implicit tuplet start cr 0x7f919f64edc0 tick 78720 track 0
implicit tuplet start cr 0x7f919f68ab30 tick 82080 track 0
implicit tuplet start cr 0x7f919f68c4a0 tick 82320 track 0
implicit tuplet start cr 0x7f919f65f240 tick 90720 track 1
implicit tuplet start cr 0x7f919f67af20 tick 102240 track 1
implicit tuplet start cr 0x7f919f6a3a50 tick 113760 track 1
implicit tuplet start cr 0x7f919f6bc350 tick 125280 track 1
Info at line 7340 col 35: ignoring lyrics on grace notes
Info at line 7588 col 35: ignoring lyrics on grace notes
Info at line 7604 col 35: ignoring lyrics on grace notes
implicit tuplet start cr 0x7f919f363920 tick 135840 track 0
implicit tuplet start cr 0x7f919f6d87c0 tick 144000 track 0
implicit tuplet start cr 0x7f919f6d9d20 tick 144480 track 0
implicit tuplet start cr 0x7f919f6db690 tick 144960 track 0
handleBeamAndStemDir() in beam, bm 0 -> abort beam
implicit tuplet start cr 0x7f919f6dbe60 tick 145200 track 0
implicit tuplet start cr 0x7f919f6dd5d0 tick 146400 track 0
implicit tuplet start cr 0x7f919f6decb0 tick 146880 track 0
implicit tuplet start cr 0x7f919f6e0670 tick 147360 track 0
implicit tuplet start cr 0x7f919f6e1cf0 tick 147840 track 0
implicit tuplet start cr 0x7f919f6e4f40 tick 151200 track 0
implicit tuplet start cr 0x7f919f6e6ac0 tick 151440 track 0
implicit tuplet start cr 0x7f919f3c0050 tick 188640 track 0
Error at line 9576 col 15: no instrument found for part 'P2'
implicit tuplet start cr 0x7f919f46f430 tick 60480 track 4
implicit tuplet start cr 0x7f919f4715a0 tick 61920 track 4
Converted to MSCX using MuseScore


Downloaded mazurka24-1.xml
initScoreFonts 0x7ff584865af0
libpng warning: iCCP: known incorrect sRGB profile
convert <mazurka24-1.xml> to <mazurka24-1.mscx>
Error at line 23 col 15: no instrument found for part 'P1'
implicit tuplet start cr 0x7ff589039680 tick 24000 track 0
implicit tuplet start cr 0x7ff58903b650 tick 24960 track 0
implicit tuplet start cr 0x7ff58903de50 tick 26400 track 0
implicit tuplet start cr 0x7ff589040740 tick 27840 track 0
implicit tuplet start cr 0x7ff589042e90 tick 29760 track 0
implicit tuplet start cr 0x7ff589044e60 tick 30720 track 0
implicit tuplet start cr 0x7ff589047860 tick 32160 track 0
implicit tuplet start cr 0x7ff58904a750 tick 33600 track 0
implicit tuplet start cr 0x7ff58904dcd0 tick 35520 track 0
implicit tuplet start cr 0x7ff58904fcb0 tick 36480 track 0
implicit tuplet start cr 0x7ff5890524a0 tick 37920 track 0
implicit tuplet start cr 0x7ff589054d90 tick 39360 track 0
implicit tuplet start cr 0x7ff5890574e0 tick 41280 track 0
implicit tuplet start cr 0x7ff5890594b0 tick 42240 track 0
implicit tuplet start cr 0x7ff58905beb0 tick 43680 track 0
implicit tuplet start cr 0x7ff58905ef30 tick 45120 track 0
implicit tuplet start cr 0x7ff5890616b0 tick 46560 track 0
handleBeamAndStemDir() in beam, bm 0 -> abort beam
Error at line 4886 col 15: no instrument found for part 'P2'
Converted to MSCX using MuseScore


Downloaded mazurka24-2.xml
initScoreFonts 0x7f8ac9d5a3f0
libpng warning: iCCP: known incorrect sRGB profile
convert <mazurka24-2.xml> to <mazurka24-2.mscx>
Error at line 23 col 15: no instrument found for part 'P1'
implicit tuplet start cr 0x7f8ace975a80 tick 6240 track 0
implicit tuplet start cr 0x7f8ace979130 tick 9120 track 0
implicit tuplet start cr 0x7f8acee2fba0 tick 30720 track 0
implicit tuplet start cr 0x7f8acee39ef0 tick 37440 track 0
implicit tuplet start cr 0x7f8acee403e0 tick 42240 track 0
implicit tuplet start cr 0x7f8acee42350 tick 43200 track 0
implicit tuplet start cr 0x7f8acee5d4a0 tick 48960 track 0
implicit tuplet start cr 0x7f8acee615b0 tick 52320 track 0
implicit tuplet start cr 0x7f8acee65f40 tick 55200 track 0
implicit tuplet start cr 0x7f8aceec5570 tick 127200 track 0
implicit tuplet start cr 0x7f8aceecaca0 tick 130080 track 0
Error at line 8288 col 15: no instrument found for part 'P2'
Converted to MSCX using MuseScore


Downloaded mazurka24-3.xml
initScoreFonts 0x7fe5b247ffe0
libpng warning: iCCP: known incorrect sRGB profile
convert <mazurka24-3.xml> to <mazurka24-3.mscx>
Error at line 23 col 15: no instrument found for part 'P1'
implicit tuplet start cr 0x7fe5b7bae770 tick 6720 track 0
implicit tuplet start cr 0x7fe5b45c3030 tick 12480 track 0
implicit tuplet start cr 0x7fe5b78817b0 tick 14400 track 0
implicit tuplet start cr 0x7fe5b45ed290 tick 42720 track 0
implicit tuplet start cr 0x7fe5b7bc62c0 tick 48480 track 0
implicit tuplet start cr 0x7fe5b7bc9b80 tick 50400 track 0
Error at line 2914 col 15: no instrument found for part 'P2'
Converted to MSCX using MuseScore


Downloaded mazurka24-4.xml
initScoreFonts 0x7ff990c76360
libpng warning: iCCP: known incorrect sRGB profile
convert <mazurka24-4.xml> to <mazurka24-4.mscx>
Error at line 23 col 15: no instrument found for part 'P1'
handleBeamAndStemDir() in beam, bm 0 -> abort beam
handleBeamAndStemDir() in beam, bm 0 -> abort beam
handleBeamAndStemDir() in beam, bm 0 -> abort beam
handleBeamAndStemDir() in beam, bm 0 -> abort beam
handleBeamAndStemDir() in beam, bm 0 -> abort beam
handleBeamAndStemDir() in beam, bm 0 -> abort beam
handleBeamAndStemDir() in beam, bm 0 -> abort beam
implicit tuplet start cr 0x7ff996a35e90 tick 39840 track 0
handleBeamAndStemDir() in beam, bm 0 -> abort beam
handleBeamAndStemDir() in beam, bm 0 -> abort beam
handleBeamAndStemDir() in beam, bm 0 -> abort beam
handleBeamAndStemDir() in beam, bm 0 -> abort beam
handleBeamAndStemDir() in beam, bm 0 -> abort beam
handleBeamAndStemDir() in beam, bm 0 -> abort beam
handleBeamAndStemDir() in beam, bm 0 -> abort beam
handleBeamAndStemDir() in beam, bm 0 -> abort beam
implicit tuplet start cr 0x7ff996a595f0 tick 63360 track 0
implicit tuplet start cr 0x7ff996a60910 tick 66240 track 0
implicit tuplet start cr 0x7ff996a68f70 tick 69120 track 0
implicit tuplet start cr 0x7ff996a8a510 tick 89760 track 0
implicit tuplet start cr 0x7ff996a8ffa0 tick 93120 track 0
implicit tuplet start cr 0x7ff996a938f0 tick 95520 track 0
implicit tuplet start cr 0x7ff996a99350 tick 98880 track 0
implicit tuplet start cr 0x7ff996a9d370 tick 101280 track 0
implicit tuplet start cr 0x7ff996aa3360 tick 104640 track 0
implicit tuplet start cr 0x7ff996aa7850 tick 107040 track 0
implicit tuplet start cr 0x7ff996aad8a0 tick 110400 track 0
implicit tuplet start cr 0x7ff996ab0d50 tick 112800 track 0
implicit tuplet start cr 0x7ff996ab6bf0 tick 116160 track 0
implicit tuplet start cr 0x7ff996aba540 tick 118560 track 0
implicit tuplet start cr 0x7ff996ac0570 tick 121920 track 0
implicit tuplet start cr 0x7ff996ac4a60 tick 124320 track 0
implicit tuplet start cr 0x7ff996acafb0 tick 127680 track 0
implicit tuplet start cr 0x7ff996ad3c40 tick 133440 track 0
implicit tuplet start cr 0x7ff996ad7890 tick 134880 track 0
implicit tuplet start cr 0x7ff996adbb40 tick 136320 track 0
implicit tuplet start cr 0x7ff996adea70 tick 137760 track 0
handleBeamAndStemDir() in beam, bm 0 -> abort beam
handleBeamAndStemDir() in beam, bm 0 -> abort beam
handleBeamAndStemDir() in beam, bm 0 -> abort beam
handleBeamAndStemDir() in beam, bm 0 -> abort beam
implicit tuplet start cr 0x7ff996af6760 tick 155520 track 0
implicit tuplet start cr 0x7ff9968eb750 tick 158400 track 0
implicit tuplet start cr 0x7ff996a08090 tick 161280 track 0
Error at line 11442 col 15: no instrument found for part 'P2'
Converted to MSCX using MuseScore


Downloaded mazurka30-1.xml
initScoreFonts 0x7ff35e801b40
libpng warning: iCCP: known incorrect sRGB profile
convert <mazurka30-1.xml> to <mazurka30-1.mscx>
Error at line 22 col 15: no instrument found for part 'P1'
handleBeamAndStemDir() in beam, bm 0 -> abort beam
handleBeamAndStemDir() in beam, bm 0 -> abort beam
handleBeamAndStemDir() in beam, bm 0 -> abort beam
handleBeamAndStemDir() in beam, bm 0 -> abort beam
handleBeamAndStemDir() in beam, bm 0 -> abort beam
handleBeamAndStemDir() in beam, bm 0 -> abort beam
handleBeamAndStemDir() in beam, bm 0 -> abort beam
Error at line 4291 col 15: no instrument found for part 'P2'
Converted to MSCX using MuseScore


Downloaded mazurka30-2.xml
initScoreFonts 0x7fe54bf4c990
libpng warning: iCCP: known incorrect sRGB profile
convert <mazurka30-2.xml> to <mazurka30-2.mscx>
Error at line 22 col 15: no instrument found for part 'P1'
implicit tuplet start cr 0x7fe550b87530 tick 480 track 0
implicit tuplet start cr 0x7fe550b95290 tick 3360 track 0
implicit tuplet start cr 0x7fe550b98e00 tick 6240 track 0
implicit tuplet start cr 0x7fe550b9c5b0 tick 9120 track 0
implicit tuplet start cr 0x7fe550ba0b90 tick 12000 track 0
implicit tuplet start cr 0x7fe550ba5350 tick 14880 track 0
implicit tuplet start cr 0x7fe550bb7770 tick 17760 track 0
implicit tuplet start cr 0x7fe550bbbf30 tick 20640 track 0
Error at line 4638 col 15: no instrument found for part 'P2'
Converted to MSCX using MuseScore


Downloaded mazurka30-3.xml
initScoreFonts 0x7f8de2785830
libpng warning: iCCP: known incorrect sRGB profile
convert <mazurka30-3.xml> to <mazurka30-3.mscx>
Error at line 22 col 15: no instrument found for part 'P1'
addGraceChordsAfter chord 0x7f8de46d8be0 grace after chord 0x7f8de46d93d0
addGraceChordsAfter chord 0x7f8de46d8be0 grace after chord 0x7f8de46d9810
addGraceChordsAfter chord 0x7f8de46d8be0 grace after chord 0x7f8de46d9de0
addGraceChordsAfter chord 0x7f8de46d8be0 grace after chord 0x7f8de46da3d0
addGraceChordsAfter chord 0x7f8de46d8be0 grace after chord 0x7f8de46da7e0
addGraceChordsAfter chord 0x7f8de46d8be0 grace after chord 0x7f8de46dac30
addGraceChordsAfter chord 0x7f8de46d8be0 grace after chord 0x7f8de46db200
implicit tuplet start cr 0x7f8de760fbf0 tick 93600 track 0
implicit tuplet start cr 0x7f8de76134f0 tick 95040 track 0
implicit tuplet start cr 0x7f8de761d0c0 tick 99360 track 0
implicit tuplet start cr 0x7f8de7620370 tick 100800 track 0
Error at line 7271 col 15: no instrument found for part 'P2'
implicit tuplet start cr 0x7f8de765c8e0 tick 8640 track 4
Converted to MSCX using MuseScore


Downloaded mazurka30-4.xml
initScoreFonts 0x7f97ec5622b0
libpng warning: iCCP: known incorrect sRGB profile
convert <mazurka30-4.xml> to <mazurka30-4.mscx>
Error at line 22 col 15: no instrument found for part 'P1'
implicit tuplet start cr 0x7f97f2334a60 tick 6000 track 0
implicit tuplet start cr 0x7f97f233b3b0 tick 8880 track 0
implicit tuplet start cr 0x7f97f2350290 tick 17520 track 0
implicit tuplet start cr 0x7f97f2356920 tick 20400 track 0
implicit tuplet start cr 0x7f97f2363600 tick 25920 track 0
addGraceChordsAfter chord 0x7f97f2394120 grace after chord 0x7f97f2394ab0
addGraceChordsAfter chord 0x7f97f2394120 grace after chord 0x7f97f2394f10
handleBeamAndStemDir() in beam, bm 0 -> abort beam
addGraceChordsAfter chord 0x7f97f23af3a0 grace after chord 0x7f97f23afb90
addGraceChordsAfter chord 0x7f97f23af3a0 grace after chord 0x7f97f23afff0
Info at line 6949 col 35: ignoring lyrics on grace notes
implicit tuplet start cr 0x7f97f165de20 tick 144240 track 0
implicit tuplet start cr 0x7f97f1663aa0 tick 147120 track 0
implicit tuplet start cr 0x7f97f1674850 tick 155760 track 0
implicit tuplet start cr 0x7f97f1657e70 tick 158640 track 0
implicit tuplet start cr 0x7f97f167e680 tick 164160 track 0
Error at line 13111 col 15: no instrument found for part 'P2'
handleBeamAndStemDir() in beam, bm 0 -> abort beam
Converted to MSCX using MuseScore


Downloaded mazurka33-1.xml
initScoreFonts 0x7fcba104cf70
libpng warning: iCCP: known incorrect sRGB profile
convert <mazurka33-1.xml> to <mazurka33-1.mscx>
Error at line 24 col 15: no instrument found for part 'P1'
Error at line 4033 col 15: no instrument found for part 'P2'
Converted to MSCX using MuseScore


Downloaded mazurka33-2.xml
initScoreFonts 0x7fdd2a03a0a0
libpng warning: iCCP: known incorrect sRGB profile
convert <mazurka33-2.xml> to <mazurka33-2.mscx>
Error at line 24 col 15: no instrument found for part 'P1'
implicit tuplet start cr 0x7fdd2a4c92d0 tick 3840 track 0
implicit tuplet start cr 0x7fdd2a4d4bc0 tick 9600 track 0
implicit tuplet start cr 0x7fdd2a4e0c30 tick 15360 track 0
implicit tuplet start cr 0x7fdd2a4ec390 tick 21120 track 0
implicit tuplet start cr 0x7fdd2e2044f0 tick 26880 track 0
implicit tuplet start cr 0x7fdd2e2103a0 tick 32640 track 0
implicit tuplet start cr 0x7fdd2e21b750 tick 38400 track 0
implicit tuplet start cr 0x7fdd2e227170 tick 44160 track 0
implicit tuplet start cr 0x7fdd2e232a50 tick 49920 track 0
implicit tuplet start cr 0x7fdd2e23e4c0 tick 55680 track 0
implicit tuplet start cr 0x7fdd2e249e40 tick 61440 track 0
implicit tuplet start cr 0x7fdd2e255560 tick 67200 track 0
implicit tuplet start cr 0x7fdd2e28ade0 tick 92640 track 0
implicit tuplet start cr 0x7fdd2e28ed10 tick 94080 track 0
implicit tuplet start cr 0x7fdd2e292e70 tick 95520 track 0
implicit tuplet start cr 0x7fdd2e2969f0 tick 96960 track 0
implicit tuplet start cr 0x7fdd2e29ab80 tick 98400 track 0
implicit tuplet start cr 0x7fdd2e29e710 tick 99840 track 0
implicit tuplet start cr 0x7fdd2e2a2530 tick 101280 track 0
implicit tuplet start cr 0x7fdd2e2a5e50 tick 102720 track 0
implicit tuplet start cr 0x7fdd2e2a9c70 tick 104160 track 0
implicit tuplet start cr 0x7fdd2e2b4980 tick 108960 track 0
implicit tuplet start cr 0x7fdd2e2bff30 tick 114720 track 0
implicit tuplet start cr 0x7fdd2e2cb460 tick 120480 track 0
implicit tuplet start cr 0x7fdd2e2d6a10 tick 126240 track 0
implicit tuplet start cr 0x7fdd2a4f3c80 tick 132000 track 0
implicit tuplet start cr 0x7fdd2e2dfa20 tick 137760 track 0
implicit tuplet start cr 0x7fdd2e2ead90 tick 143520 track 0
implicit tuplet start cr 0x7fdd2e2f6c30 tick 149280 track 0
implicit tuplet start cr 0x7fdd2cb93780 tick 155040 track 0
implicit tuplet start cr 0x7fdd2cb9ed30 tick 160800 track 0
implicit tuplet start cr 0x7fdd2cbaa260 tick 166560 track 0
implicit tuplet start cr 0x7fdd2cbb5810 tick 172320 track 0
Error at line 13751 col 15: no instrument found for part 'P2'
handleBeamAndStemDir() in beam, bm 0 -> abort beam
handleBeamAndStemDir() in beam, bm 0 -> abort beam
handleBeamAndStemDir() in beam, bm 0 -> abort beam
handleBeamAndStemDir() in beam, bm 0 -> abort beam
handleBeamAndStemDir() in beam, bm 0 -> abort beam
handleBeamAndStemDir() in beam, bm 0 -> abort beam
Converted to MSCX using MuseScore


Downloaded mazurka33-3.xml
initScoreFonts 0x7fb16e4d5090
libpng warning: iCCP: known incorrect sRGB profile
convert <mazurka33-3.xml> to <mazurka33-3.mscx>
Error at line 24 col 15: no instrument found for part 'P1'
Error at line 3958 col 15: no instrument found for part 'P2'
Converted to MSCX using MuseScore


Downloaded mazurka33-4.xml
initScoreFonts 0x7f9e38941ee0
libpng warning: iCCP: known incorrect sRGB profile
convert <mazurka33-4.xml> to <mazurka33-4.mscx>
Error at line 24 col 15: no instrument found for part 'P1'
implicit tuplet start cr 0x7f9e3d06abb0 tick 24000 track 0
implicit tuplet start cr 0x7f9e3d06fdf0 tick 26880 track 0
implicit tuplet start cr 0x7f9e3d0904d0 tick 58560 track 0
implicit tuplet start cr 0x7f9e3d095710 tick 61440 track 0
implicit tuplet start cr 0x7f9e3d0d8fc0 tick 116160 track 0
implicit tuplet start cr 0x7f9e3d0dde60 tick 119040 track 0
implicit tuplet start cr 0x7f9e38ec6c20 tick 150720 track 0
implicit tuplet start cr 0x7f9e38ecbe60 tick 153600 track 0
handleBeamAndStemDir() in beam, bm 0 -> abort beam
handleBeamAndStemDir() in beam, bm 0 -> abort beam
handleBeamAndStemDir() in beam, bm 0 -> abort beam
handleBeamAndStemDir() in beam, bm 0 -> abort beam
handleBeamAndStemDir() in beam, bm 0 -> abort beam
handleBeamAndStemDir() in beam, bm 0 -> abort beam
implicit tuplet start cr 0x7f9e3c3aea90 tick 300480 track 0
implicit tuplet start cr 0x7f9e3c3b33c0 tick 303360 track 0
Error at line 11947 col 15: no instrument found for part 'P2'
handleBeamAndStemDir() in beam, bm 0 -> abort beam
handleBeamAndStemDir() in beam, bm 0 -> abort beam
handleBeamAndStemDir() in beam, bm 0 -> abort beam
handleBeamAndStemDir() in beam, bm 0 -> abort beam
handleBeamAndStemDir() in beam, bm 0 -> abort beam
handleBeamAndStemDir() in beam, bm 0 -> abort beam
handleBeamAndStemDir() in beam, bm 0 -> abort beam
handleBeamAndStemDir() in beam, bm 0 -> abort beam
handleBeamAndStemDir() in beam, bm 0 -> abort beam
Converted to MSCX using MuseScore


Downloaded mazurka41-1.xml
initScoreFonts 0x7ff5514d3ca0
libpng warning: iCCP: known incorrect sRGB profile
convert <mazurka41-1.xml> to <mazurka41-1.mscx>
Error at line 24 col 15: no instrument found for part 'P1'
implicit tuplet start cr 0x7ff557267280 tick 36000 track 0
implicit tuplet start cr 0x7ff557268d00 tick 36480 track 0
implicit tuplet start cr 0x7ff55726a3d0 tick 36960 track 0
implicit tuplet start cr 0x7ff55726bc20 tick 37440 track 0
implicit tuplet start cr 0x7ff55726d490 tick 37920 track 0
implicit tuplet start cr 0x7ff55726eba0 tick 38400 track 0
implicit tuplet start cr 0x7ff557274560 tick 41760 track 0
implicit tuplet start cr 0x7ff557275e20 tick 42240 track 0
implicit tuplet start cr 0x7ff5572774f0 tick 42720 track 0
handleBeamAndStemDir() in beam, bm 0 -> abort beam
handleBeamAndStemDir() in beam, bm 0 -> abort beam
handleBeamAndStemDir() in beam, bm 0 -> abort beam
handleBeamAndStemDir() in beam, bm 0 -> abort beam
handleBeamAndStemDir() in beam, bm 0 -> abort beam
handleBeamAndStemDir() in beam, bm 0 -> abort beam
handleBeamAndStemDir() in beam, bm 0 -> abort beam
handleBeamAndStemDir() in beam, bm 0 -> abort beam
handleBeamAndStemDir() in beam, bm 0 -> abort beam
handleBeamAndStemDir() in beam, bm 0 -> abort beam
handleBeamAndStemDir() in beam, bm 0 -> abort beam
handleBeamAndStemDir() in beam, bm 0 -> abort beam
handleBeamAndStemDir() in beam, bm 0 -> abort beam
handleBeamAndStemDir() in beam, bm 0 -> abort beam
handleBeamAndStemDir() in beam, bm 0 -> abort beam
handleBeamAndStemDir() in beam, bm 0 -> abort beam
handleBeamAndStemDir() in beam, bm 0 -> abort beam
Error at line 11910 col 15: no instrument found for part 'P2'
Converted to MSCX using MuseScore


Downloaded mazurka41-2.xml
initScoreFonts 0x7f8ba2090b20
libpng warning: iCCP: known incorrect sRGB profile
convert <mazurka41-2.xml> to <mazurka41-2.mscx>
Error at line 24 col 15: no instrument found for part 'P1'
implicit tuplet start cr 0x7f8ba6660b80 tick 41280 track 0
implicit tuplet start cr 0x7f8ba669fc60 tick 75840 track 0
Error at line 6730 col 15: no instrument found for part 'P2'
Converted to MSCX using MuseScore


Downloaded mazurka41-3.xml
initScoreFonts 0x7fcb4d081270
libpng warning: iCCP: known incorrect sRGB profile
convert <mazurka41-3.xml> to <mazurka41-3.mscx>
Error at line 24 col 15: no instrument found for part 'P1'
implicit tuplet start cr 0x7fcb4fbd8770 tick 9120 track 0
implicit tuplet start cr 0x7fcb4fbbe1a0 tick 20640 track 0
implicit tuplet start cr 0x7fcb4fbec4b0 tick 23520 track 0
implicit tuplet start cr 0x7fcb4fbf2350 tick 26400 track 0
implicit tuplet start cr 0x7fcb4fe08dc0 tick 37920 track 0
implicit tuplet start cr 0x7fcb4d48bfe0 tick 49440 track 0
implicit tuplet start cr 0x7fcb4d48f3b0 tick 52320 track 0
implicit tuplet start cr 0x7fcb4d492de0 tick 57600 track 0
implicit tuplet start cr 0x7fcb4fe0eb40 tick 63360 track 0
implicit tuplet start cr 0x7fcb4fe13980 tick 64800 track 0
implicit tuplet start cr 0x7fcb4fe19380 tick 67680 track 0
implicit tuplet start cr 0x7fcb4fe1e550 tick 69120 track 0
implicit tuplet start cr 0x7fcb4fe22ad0 tick 70560 track 0
implicit tuplet start cr 0x7fcb4fe28120 tick 73440 track 0
implicit tuplet start cr 0x7fcb4fe2d170 tick 74880 track 0
implicit tuplet start cr 0x7fcb4fe397f0 tick 81120 track 0
implicit tuplet start cr 0x7fcb4fe44f20 tick 86880 track 0
implicit tuplet start cr 0x7fcb4fe4af30 tick 89760 track 0
implicit tuplet start cr 0x7fcb4fe50f60 tick 92640 track 0
implicit tuplet start cr 0x7fcb4fe5cae0 tick 98400 track 0
Error at line 7425 col 15: no instrument found for part 'P2'
implicit tuplet start cr 0x7fcb4feb1b50 tick 59040 track 4
implicit tuplet start cr 0x7fcb4fec6280 tick 70560 track 4
Converted to MSCX using MuseScore


Downloaded mazurka41-4.xml
initScoreFonts 0x7f8e2a885270
libpng warning: iCCP: known incorrect sRGB profile
convert <mazurka41-4.xml> to <mazurka41-4.mscx>
Error at line 21 col 15: no instrument found for part 'P1'
handleBeamAndStemDir() in beam, bm 0 -> abort beam
handleBeamAndStemDir() in beam, bm 0 -> abort beam
handleBeamAndStemDir() in beam, bm 0 -> abort beam
handleBeamAndStemDir() in beam, bm 0 -> abort beam
handleBeamAndStemDir() in beam, bm 0 -> abort beam
handleBeamAndStemDir() in beam, bm 0 -> abort beam
handleBeamAndStemDir() in beam, bm 0 -> abort beam
handleBeamAndStemDir() in beam, bm 0 -> abort beam
handleBeamAndStemDir() in beam, bm 0 -> abort beam
handleBeamAndStemDir() in beam, bm 0 -> abort beam
handleBeamAndStemDir() in beam, bm 0 -> abort beam
handleBeamAndStemDir() in beam, bm 0 -> abort beam
handleBeamAndStemDir() in beam, bm 0 -> abort beam
handleBeamAndStemDir() in beam, bm 0 -> abort beam
Error at line 5719 col 15: no instrument found for part 'P2'
Converted to MSCX using MuseScore


Downloaded mazurka50-1.xml
initScoreFonts 0x7fd2e7e60c60
libpng warning: iCCP: known incorrect sRGB profile
convert <mazurka50-1.xml> to <mazurka50-1.mscx>
Error at line 24 col 15: no instrument found for part 'P1'
implicit tuplet start cr 0x7fd2ed2772f0 tick 24720 track 0
implicit tuplet start cr 0x7fd2ed281e10 tick 30480 track 0
implicit tuplet start cr 0x7fd2ed288520 tick 33360 track 0
implicit tuplet start cr 0x7fd2ed2d0660 tick 79920 track 0
implicit tuplet start cr 0x7fd2ed711a40 tick 114480 track 0
implicit tuplet start cr 0x7fd2ed7325c0 tick 131760 track 0
implicit tuplet start cr 0x7fd2ed73bef0 tick 137520 track 0
implicit tuplet start cr 0x7fd2ed7412c0 tick 140400 track 0
implicit tuplet start cr 0x7fd2ed746050 tick 143280 track 0
Error at line 10029 col 15: no instrument found for part 'P2'
Converted to MSCX using MuseScore


Downloaded mazurka50-2.xml
initScoreFonts 0x7f85ff8347b0
libpng warning: iCCP: known incorrect sRGB profile
convert <mazurka50-2.xml> to <mazurka50-2.mscx>
Error at line 24 col 15: no instrument found for part 'P1'
implicit tuplet start cr 0x7f8603f20b50 tick 34560 track 0
implicit tuplet start cr 0x7f8603f5b5b0 tick 79200 track 0
implicit tuplet start cr 0x7f8603d04310 tick 142560 track 0
Error at line 7816 col 15: no instrument found for part 'P2'
Converted to MSCX using MuseScore


Downloaded mazurka50-3.xml
initScoreFonts 0x7ff4f4d31460
libpng warning: iCCP: known incorrect sRGB profile
convert <mazurka50-3.xml> to <mazurka50-3.mscx>
Error at line 24 col 15: no instrument found for part 'P1'
implicit tuplet start cr 0x7ff4fac36d50 tick 13440 track 0
implicit tuplet start cr 0x7ff4fac3c7a0 tick 16320 track 0
implicit tuplet start cr 0x7ff4fac4a060 tick 26880 track 0
implicit tuplet start cr 0x7ff4fac55510 tick 32640 track 0
implicit tuplet start cr 0x7ff4facc86d0 tick 124800 track 0
implicit tuplet start cr 0x7ff4facd7120 tick 145920 track 0
implicit tuplet start cr 0x7ff4facdab50 tick 148800 track 0
implicit tuplet start cr 0x7ff4face4020 tick 159360 track 0
implicit tuplet start cr 0x7ff4faceaad0 tick 165120 track 0
implicit tuplet start cr 0x7ff4f9e57f70 tick 192000 track 1
implicit tuplet start cr 0x7ff4f9e5e8f0 tick 194880 track 1
implicit tuplet start cr 0x7ff4f9e65470 tick 197760 track 1
implicit tuplet start cr 0x7ff4f9e69190 tick 199200 track 1
implicit tuplet start cr 0x7ff4f9e6d110 tick 200640 track 1
Error at line 13481 col 15: no instrument found for part 'P2'
implicit tuplet start cr 0x7ff4f9df9250 tick 232320 track 5
implicit tuplet start cr 0x7ff4f9dfb370 tick 233760 track 4
implicit tuplet start cr 0x7ff4f9d19480 tick 235200 track 4
implicit tuplet start cr 0x7ff4f9d23c10 tick 243840 track 4
implicit tuplet start cr 0x7ff4f9d25c60 tick 245280 track 4
implicit tuplet start cr 0x7ff4f9d278f0 tick 246240 track 4
Converted to MSCX using MuseScore


Downloaded mazurka56-1.xml
initScoreFonts 0x7f9f03cf4b50
libpng warning: iCCP: known incorrect sRGB profile
convert <mazurka56-1.xml> to <mazurka56-1.mscx>
Error at line 23 col 15: no instrument found for part 'P1'
handleBeamAndStemDir() in beam, bm 0 -> abort beam
handleBeamAndStemDir() in beam, bm 0 -> abort beam
handleBeamAndStemDir() in beam, bm 0 -> abort beam
handleBeamAndStemDir() in beam, bm 0 -> abort beam
Error at line 18081 col 15: no instrument found for part 'P2'
handleBeamAndStemDir() in beam, bm 0 -> abort beam
Converted to MSCX using MuseScore


Downloaded mazurka56-2.xml
initScoreFonts 0x7fed6762f060
libpng warning: iCCP: known incorrect sRGB profile
convert <mazurka56-2.xml> to <mazurka56-2.mscx>
Error at line 23 col 15: no instrument found for part 'P1'
Error at line 6715 col 15: no instrument found for part 'P2'
implicit tuplet start cr 0x7fed6c575770 tick 41760 track 4
implicit tuplet start cr 0x7fed6c57b9e0 tick 47520 track 4
Converted to MSCX using MuseScore


Downloaded mazurka56-3.xml
initScoreFonts 0x7fc8f64b35a0
libpng warning: iCCP: known incorrect sRGB profile
convert <mazurka56-3.xml> to <mazurka56-3.mscx>
Error at line 23 col 15: no instrument found for part 'P1'
implicit tuplet start cr 0x7fc8fcae6820 tick 85440 track 0
implicit tuplet start cr 0x7fc8fcaecfb0 tick 91200 track 0
handleBeamAndStemDir() in beam, bm 0 -> abort beam
handleBeamAndStemDir() in beam, bm 0 -> abort beam
implicit tuplet start cr 0x7fc8fb38a4a0 tick 127200 track 0
Error at line 15854 col 15: no instrument found for part 'P2'
handleBeamAndStemDir() in beam, bm 0 -> abort beam
handleBeamAndStemDir() in beam, bm 0 -> abort beam
handleBeamAndStemDir() in beam, bm 0 -> abort beam
Converted to MSCX using MuseScore


Downloaded mazurka59-1.xml
initScoreFonts 0x7fb362c6d6a0
libpng warning: iCCP: known incorrect sRGB profile
convert <mazurka59-1.xml> to <mazurka59-1.mscx>
Error at line 22 col 15: no instrument found for part 'P1'
handleBeamAndStemDir() in beam, bm 0 -> abort beam
handleBeamAndStemDir() in beam, bm 0 -> abort beam
implicit tuplet start cr 0x7fb369116840 tick 28800 track 0
handleBeamAndStemDir() in beam, bm 0 -> abort beam
handleBeamAndStemDir() in beam, bm 0 -> abort beam
handleBeamAndStemDir() in beam, bm 0 -> abort beam
implicit tuplet start cr 0x7fb36911ee30 tick 33120 track 0
handleBeamAndStemDir() in beam, bm 0 -> abort beam
handleBeamAndStemDir() in beam, bm 0 -> abort beam
handleBeamAndStemDir() in beam, bm 0 -> abort beam
handleBeamAndStemDir() in beam, bm 0 -> abort beam
handleBeamAndStemDir() in beam, bm 0 -> abort beam
implicit tuplet start cr 0x7fb3691761b0 tick 79680 track 0
implicit tuplet start cr 0x7fb369177bf0 tick 80160 track 0
handleBeamAndStemDir() in beam, bm 0 -> abort beam
implicit tuplet start cr 0x7fb369183900 tick 85440 track 0
implicit tuplet start cr 0x7fb369185350 tick 85920 track 0
handleBeamAndStemDir() in beam, bm 0 -> abort beam
implicit tuplet start cr 0x7fb369190460 tick 91200 track 0
implicit tuplet start cr 0x7fb369191e70 tick 91680 track 0
handleBeamAndStemDir() in beam, bm 0 -> abort beam
implicit tuplet start cr 0x7fb36919ecf0 tick 97440 track 0
implicit tuplet start cr 0x7fb3691d76e0 tick 132480 track 0
handleBeamAndStemDir() in beam, bm 0 -> abort beam
handleBeamAndStemDir() in beam, bm 0 -> abort beam
implicit tuplet start cr 0x7fb3691435e0 tick 141120 track 0
handleBeamAndStemDir() in beam, bm 0 -> abort beam
handleBeamAndStemDir() in beam, bm 0 -> abort beam
handleBeamAndStemDir() in beam, bm 0 -> abort beam
implicit tuplet start cr 0x7fb3691493b0 tick 145440 track 0
handleBeamAndStemDir() in beam, bm 0 -> abort beam
handleBeamAndStemDir() in beam, bm 0 -> abort beam
handleBeamAndStemDir() in beam, bm 0 -> abort beam
Error at line 9000 col 15: no instrument found for part 'P2'
implicit tuplet start cr 0x7fb367c43ca0 tick 102720 track 4
implicit tuplet start cr 0x7fb367c45360 tick 103200 track 4
implicit tuplet start cr 0x7fb367c483f0 tick 105600 track 4
implicit tuplet start cr 0x7fb367c49ab0 tick 106080 track 4
Converted to MSCX using MuseScore


Downloaded mazurka59-2.xml
initScoreFonts 0x7f9ed4d500e0
libpng warning: iCCP: known incorrect sRGB profile
convert <mazurka59-2.xml> to <mazurka59-2.mscx>
Error at line 22 col 15: no instrument found for part 'P1'
Error at line 7475 col 15: no instrument found for part 'P2'
Converted to MSCX using MuseScore


Downloaded mazurka59-3.xml
initScoreFonts 0x7f8a8906d480
libpng warning: iCCP: known incorrect sRGB profile
convert <mazurka59-3.xml> to <mazurka59-3.mscx>
Error at line 22 col 15: no instrument found for part 'P1'
implicit tuplet start cr 0x7f8a8c398870 tick 1920 track 0
implicit tuplet start cr 0x7f8a8c3c6880 tick 3360 track 0
implicit tuplet start cr 0x7f8a8c3c8c10 tick 4800 track 0
implicit tuplet start cr 0x7f8a8c3cafa0 tick 6240 track 0
implicit tuplet start cr 0x7f8a8c3cd330 tick 7680 track 0
implicit tuplet start cr 0x7f8a8c3cf6c0 tick 9120 track 0
implicit tuplet start cr 0x7f8a8905efb0 tick 13440 track 0
implicit tuplet start cr 0x7f8a8da01b10 tick 14880 track 0
implicit tuplet start cr 0x7f8a8da03ad0 tick 16320 track 0
implicit tuplet start cr 0x7f8a8da05f10 tick 17760 track 0
implicit tuplet start cr 0x7f8a8da082a0 tick 19200 track 0
implicit tuplet start cr 0x7f8a8da230c0 tick 36480 track 0
implicit tuplet start cr 0x7f8a8da25450 tick 37920 track 0
implicit tuplet start cr 0x7f8a8da28eb0 tick 39360 track 1
implicit tuplet start cr 0x7f8a8da2aac0 tick 40800 track 0
implicit tuplet start cr 0x7f8a8da2d030 tick 42240 track 0
implicit tuplet start cr 0x7f8a8da2f750 tick 43680 track 0
implicit tuplet start cr 0x7f8a8da3a680 tick 48000 track 0
implicit tuplet start cr 0x7f8a8da3d1b0 tick 49440 track 0
implicit tuplet start cr 0x7f8a8da3fba0 tick 50880 track 0
implicit tuplet start cr 0x7f8a8da44200 tick 53760 track 0
implicit tuplet start cr 0x7f8a8da48250 tick 56640 track 0
implicit tuplet start cr 0x7f8a8c1cca60 tick 68880 track 0
implicit tuplet start cr 0x7f8a8c28fd90 tick 75840 track 0
implicit tuplet start cr 0x7f8a8c25ef20 tick 83280 track 0
handleBeamAndStemDir() in beam, bm 0 -> abort beam
implicit tuplet start cr 0x7f8a8c276810 tick 90240 track 0
implicit tuplet start cr 0x7f8a8c264b70 tick 94080 track 0
implicit tuplet start cr 0x7f8a8c7002a0 tick 96960 track 0
implicit tuplet start cr 0x7f8a8c704270 tick 99840 track 0
implicit tuplet start cr 0x7f8a8c7087c0 tick 102720 track 0
implicit tuplet start cr 0x7f8a8c70e090 tick 105600 track 0
implicit tuplet start cr 0x7f8a8c712f10 tick 108480 track 0
implicit tuplet start cr 0x7f8a8c7198f0 tick 111360 track 0
implicit tuplet start cr 0x7f8a8c3da650 tick 114240 track 0
implicit tuplet start cr 0x7f8a8c3ed3b0 tick 117120 track 0
implicit tuplet start cr 0x7f8a8c3f4670 tick 120000 track 0
implicit tuplet start cr 0x7f8a8c71e110 tick 140160 track 0
implicit tuplet start cr 0x7f8a8c746eb0 tick 141600 track 0
implicit tuplet start cr 0x7f8a8c7543b0 tick 143040 track 0
implicit tuplet start cr 0x7f8a8c787d40 tick 144480 track 0
implicit tuplet start cr 0x7f8a8c789f90 tick 145920 track 0
implicit tuplet start cr 0x7f8a8c78c1c0 tick 147360 track 0
implicit tuplet start cr 0x7f8a8c74cd00 tick 151680 track 0
implicit tuplet start cr 0x7f8a8c74ed50 tick 153120 track 0
implicit tuplet start cr 0x7f8a8c750e30 tick 154560 track 0
implicit tuplet start cr 0x7f8a8c731ac0 tick 157440 track 0
implicit tuplet start cr 0x7f8a8c7350a0 tick 160320 track 0
implicit tuplet start cr 0x7f8a8c1d6dc0 tick 173760 track 0
implicit tuplet start cr 0x7f8a8c580c80 tick 194880 track 0
implicit tuplet start cr 0x7f8a8c5885e0 tick 197760 track 0
implicit tuplet start cr 0x7f8a8c58fa50 tick 200640 track 0
implicit tuplet start cr 0x7f8a8c5973b0 tick 203520 track 0
Error at line 14906 col 15: no instrument found for part 'P2'
implicit tuplet start cr 0x7f8a8d83a6f0 tick 128640 track 4
implicit tuplet start cr 0x7f8a8d83e590 tick 131520 track 4
implicit tuplet start cr 0x7f8a8d8429b0 tick 134400 track 4
implicit tuplet start cr 0x7f8a8d846d70 tick 137280 track 4
implicit tuplet start cr 0x7f8a8d84b660 tick 143040 track 4
implicit tuplet start cr 0x7f8a8d84cff0 tick 144480 track 4
implicit tuplet start cr 0x7f8a8d84ec10 tick 145920 track 4
Converted to MSCX using MuseScore


Downloaded mazurka63-1.xml
initScoreFonts 0x7fa18d74e600
libpng warning: iCCP: known incorrect sRGB profile
convert <mazurka63-1.xml> to <mazurka63-1.mscx>
Error at line 24 col 15: no instrument found for part 'P1'
implicit tuplet start cr 0x7fa1938a41a0 tick 83520 track 0
implicit tuplet start cr 0x7fa1938ab640 tick 89280 track 0
implicit tuplet start cr 0x7fa1938ae950 tick 90720 track 0
implicit tuplet start cr 0x7fa1938b2a80 tick 93600 track 0
handleBeamAndStemDir() in beam, bm 0 -> abort beam
handleBeamAndStemDir() in beam, bm 0 -> abort beam
handleBeamAndStemDir() in beam, bm 0 -> abort beam
handleBeamAndStemDir() in beam, bm 0 -> abort beam
Error at line 9146 col 15: no instrument found for part 'P2'
Converted to MSCX using MuseScore


Downloaded mazurka63-2.xml
initScoreFonts 0x7f7fbbfc6af0
libpng warning: iCCP: known incorrect sRGB profile
convert <mazurka63-2.xml> to <mazurka63-2.mscx>
Error at line 24 col 15: no instrument found for part 'P1'
Error at line 3542 col 15: no instrument found for part 'P2'
Converted to MSCX using MuseScore


Downloaded mazurka63-3.xml
initScoreFonts 0x7fa40c9cccb0
libpng warning: iCCP: known incorrect sRGB profile
convert <mazurka63-3.xml> to <mazurka63-3.mscx>
Error at line 24 col 15: no instrument found for part 'P1'
Error at line 4827 col 15: no instrument found for part 'P2'
Converted to MSCX using MuseScore


Downloaded mazurka67-1.xml
initScoreFonts 0x7fd64a14e140
libpng warning: iCCP: known incorrect sRGB profile
convert <mazurka67-1.xml> to <mazurka67-1.mscx>
Error at line 24 col 15: no instrument found for part 'P1'
implicit tuplet start cr 0x7fd64e4f7dd0 tick 10080 track 0
implicit tuplet start cr 0x7fd64e4d18e0 tick 15840 track 0
implicit tuplet start cr 0x7fd64fa0b2a0 tick 20640 track 0
handleBeamAndStemDir() in beam, bm 0 -> abort beam
implicit tuplet start cr 0x7fd64e4ebc70 tick 26400 track 0
handleBeamAndStemDir() in beam, bm 0 -> abort beam
implicit tuplet start cr 0x7fd64e4f6d90 tick 32160 track 0
handleBeamAndStemDir() in beam, bm 0 -> abort beam
implicit tuplet start cr 0x7fd64e615970 tick 37920 track 0
handleBeamAndStemDir() in beam, bm 0 -> abort beam
implicit tuplet start cr 0x7fd64f940c50 tick 67680 track 0
implicit tuplet start cr 0x7fd64f953910 tick 73440 track 0
implicit tuplet start cr 0x7fd64f91dcb0 tick 78240 track 0
handleBeamAndStemDir() in beam, bm 0 -> abort beam
implicit tuplet start cr 0x7fd64f92b140 tick 84000 track 0
Error at line 5989 col 15: no instrument found for part 'P2'
Converted to MSCX using MuseScore


Downloaded mazurka67-2.xml
initScoreFonts 0x7fc16c8150c0
libpng warning: iCCP: known incorrect sRGB profile
convert <mazurka67-2.xml> to <mazurka67-2.mscx>
Error at line 24 col 15: no instrument found for part 'P1'
implicit tuplet start cr 0x7fc170530410 tick 24960 track 0
implicit tuplet start cr 0x7fc170532cc0 tick 27840 track 0
implicit tuplet start cr 0x7fc17051ea90 tick 29280 track 0
implicit tuplet start cr 0x7fc17053e620 tick 30720 track 0
implicit tuplet start cr 0x7fc170541170 tick 32160 track 0
implicit tuplet start cr 0x7fc170520ee0 tick 33600 track 0
implicit tuplet start cr 0x7fc170537a40 tick 36480 track 0
implicit tuplet start cr 0x7fc1705275c0 tick 39360 track 0
implicit tuplet start cr 0x7fc170529bb0 tick 40800 track 0
implicit tuplet start cr 0x7fc170541f10 tick 42240 track 0
implicit tuplet start cr 0x7fc170545130 tick 43680 track 0
implicit tuplet start cr 0x7fc17061b890 tick 50880 track 0
Error at line 3548 col 15: no instrument found for part 'P2'
implicit tuplet start cr 0x7fc170654160 tick 24960 track 5
implicit tuplet start cr 0x7fc170657a30 tick 27840 track 5
implicit tuplet start cr 0x7fc17065fb40 tick 36480 track 5
implicit tuplet start cr 0x7fc1706245d0 tick 39360 track 5
Converted to MSCX using MuseScore


Downloaded mazurka67-3.xml
initScoreFonts 0x7ff957567550
libpng warning: iCCP: known incorrect sRGB profile
convert <mazurka67-3.xml> to <mazurka67-3.mscx>
Error at line 23 col 15: no instrument found for part 'P1'
Info at line 3213 col 35: ignoring lyrics on grace notes
addGraceChordsAfter chord 0x7ff95c44cf60 grace after chord 0x7ff95c44d590
Error at line 4398 col 15: no instrument found for part 'P2'
Converted to MSCX using MuseScore


Downloaded mazurka67-4.xml
initScoreFonts 0x7ff34b02d270
libpng warning: iCCP: known incorrect sRGB profile
convert <mazurka67-4.xml> to <mazurka67-4.mscx>
Error at line 23 col 15: no instrument found for part 'P1'
implicit tuplet start cr 0x7ff34dad1e80 tick 24960 track 0
implicit tuplet start cr 0x7ff34dd06090 tick 27840 track 0
implicit tuplet start cr 0x7ff34dae5120 tick 36480 track 0
implicit tuplet start cr 0x7ff34dae86b0 tick 39360 track 0
implicit tuplet start cr 0x7ff34ddd8c10 tick 96960 track 0
implicit tuplet start cr 0x7ff34dddd3c0 tick 99840 track 0
implicit tuplet start cr 0x7ff34ddeb6c0 tick 108480 track 0
implicit tuplet start cr 0x7ff34ddef680 tick 111360 track 0
Error at line 4552 col 15: no instrument found for part 'P2'
Converted to MSCX using MuseScore


Downloaded mazurka68-1.xml
initScoreFonts 0x7f8a5e525290
libpng warning: iCCP: known incorrect sRGB profile
convert <mazurka68-1.xml> to <mazurka68-1.mscx>
Error at line 23 col 15: no instrument found for part 'P1'
handleBeamAndStemDir() in beam, bm 0 -> abort beam
implicit tuplet start cr 0x7f8a6483b110 tick 15840 track 0
handleBeamAndStemDir() in beam, bm 0 -> abort beam
implicit tuplet start cr 0x7f8a6484f5e0 tick 27360 track 0
handleBeamAndStemDir() in beam, bm 0 -> abort beam
implicit tuplet start cr 0x7f8a6488a900 tick 44640 track 0
implicit tuplet start cr 0x7f8a6488e380 tick 46080 track 0
handleBeamAndStemDir() in beam, bm 0 -> abort beam
implicit tuplet start cr 0x7f8a6338bbb0 tick 86400 track 0
handleBeamAndStemDir() in beam, bm 0 -> abort beam
implicit tuplet start cr 0x7f8a633b4ef0 tick 103680 track 0
Error at line 6599 col 15: no instrument found for part 'P2'
Converted to MSCX using MuseScore


Downloaded mazurka68-2.xml
initScoreFonts 0x7fec70b76e70
libpng warning: iCCP: known incorrect sRGB profile
convert <mazurka68-2.xml> to <mazurka68-2.mscx>
Error at line 23 col 15: no instrument found for part 'P1'
addGraceChordsAfter chord 0x7fec70ee1f90 grace after chord 0x7fec70ee2540
addGraceChordsAfter chord 0x7fec70ee1f90 grace after chord 0x7fec70ee2800
handleBeamAndStemDir() in beam, bm 0 -> abort beam
handleBeamAndStemDir() in beam, bm 0 -> abort beam
addGraceChordsAfter chord 0x7fec70ee9100 grace after chord 0x7fec70ee96b0
addGraceChordsAfter chord 0x7fec70ee9100 grace after chord 0x7fec70ee9970
handleBeamAndStemDir() in beam, bm 0 -> abort beam
handleBeamAndStemDir() in beam, bm 0 -> abort beam
handleBeamAndStemDir() in beam, bm 0 -> abort beam
Error at line 4577 col 15: no instrument found for part 'P2'
Converted to MSCX using MuseScore


Downloaded mazurka68-3.xml
initScoreFonts 0x7fa9875bde50
libpng warning: iCCP: known incorrect sRGB profile
convert <mazurka68-3.xml> to <mazurka68-3.mscx>
Error at line 23 col 15: no instrument found for part 'P1'
Error at line 4363 col 15: no instrument found for part 'P2'
Converted to MSCX using MuseScore


Downloaded mazurka68-4.xml
initScoreFonts 0x7f9eabf70e90
libpng warning: iCCP: known incorrect sRGB profile
convert <mazurka68-4.xml> to <mazurka68-4.mscx>
Error at line 24 col 15: no instrument found for part 'P1'
Error at line 2972 col 15: no instrument found for part 'P2'
Converted to MSCX using MuseScore


Downloaded mazurka-50.xml
initScoreFonts 0x7fd31886b690
libpng warning: iCCP: known incorrect sRGB profile
convert <mazurka-50.xml> to <mazurka-50.mscx>
Error at line 18 col 15: no instrument found for part 'P1'
Error at line 11964 col 15: no instrument found for part 'P2'
implicit tuplet start cr 0x7fd31c2f3a50 tick 24000 track 4
implicit tuplet start cr 0x7fd31c2f5760 tick 25440 track 4
implicit tuplet start cr 0x7fd31c2f88e0 tick 29760 track 4
implicit tuplet start cr 0x7fd31c2fa5f0 tick 31200 track 4
implicit tuplet start cr 0x7fd31c60d5f0 tick 35520 track 4
implicit tuplet start cr 0x7fd31c60f300 tick 36960 track 4
implicit tuplet start cr 0x7fd31c612480 tick 41280 track 4
implicit tuplet start cr 0x7fd31c61b0a0 tick 42720 track 4
implicit tuplet start cr 0x7fd31d92f970 tick 139200 track 4
implicit tuplet start cr 0x7fd31d9326e0 tick 140640 track 4
implicit tuplet start cr 0x7fd31d937740 tick 144960 track 4
implicit tuplet start cr 0x7fd31d93a770 tick 146400 track 4
implicit tuplet start cr 0x7fd31d93f480 tick 150720 track 4
implicit tuplet start cr 0x7fd31d942210 tick 152160 track 4
implicit tuplet start cr 0x7fd31d9471c0 tick 156480 track 4
implicit tuplet start cr 0x7fd31d94a1f0 tick 157920 track 4
Converted to MSCX using MuseScore


Downloaded mazurka-51.xml
initScoreFonts 0x7f8d98c4f740
libpng warning: iCCP: known incorrect sRGB profile
convert <mazurka-51.xml> to <mazurka-51.mscx>
Error at line 17 col 15: no instrument found for part 'P1'
implicit tuplet start cr 0x7f8d98dc41f0 tick 12960 track 0
implicit tuplet start cr 0x7f8d98dba540 tick 15840 track 0
implicit tuplet start cr 0x7f8d98dc9f60 tick 18720 track 0
implicit tuplet start cr 0x7f8d98dcf5f0 tick 21600 track 0
implicit tuplet start cr 0x7f8d98db4200 tick 36000 track 0
implicit tuplet start cr 0x7f8d98dee790 tick 38880 track 0
implicit tuplet start cr 0x7f8d9d802570 tick 41760 track 0
implicit tuplet start cr 0x7f8d9d808160 tick 44640 track 0
implicit tuplet start cr 0x7f8d9c3e2ac0 tick 122400 track 0
implicit tuplet start cr 0x7f8d9c3e9510 tick 125280 track 0
implicit tuplet start cr 0x7f8d9c3ee3c0 tick 128160 track 0
implicit tuplet start cr 0x7f8d9c3b00f0 tick 131040 track 0
implicit tuplet start cr 0x7f8d9c3ca100 tick 145440 track 0
implicit tuplet start cr 0x7f8d9c3a6fc0 tick 148320 track 0
implicit tuplet start cr 0x7f8d9c392d70 tick 151200 track 0
implicit tuplet start cr 0x7f8d9c3ad2b0 tick 154080 track 0
implicit tuplet start cr 0x7f8d9c3c4510 tick 156960 track 0
implicit tuplet start cr 0x7f8d9c39fb90 tick 159840 track 0
implicit tuplet start cr 0x7f8d9c3f3d80 tick 162720 track 0
implicit tuplet start cr 0x7f8d9c3f91e0 tick 165600 track 0
implicit tuplet start cr 0x7f8d9d902ed0 tick 168480 track 0
Error at line 10844 col 15: no instrument found for part 'P2'
implicit tuplet start cr 0x7f8d9d913780 tick 1920 track 4
implicit tuplet start cr 0x7f8d9d91c4e0 tick 7680 track 4
implicit tuplet start cr 0x7f8d9d92d1e0 tick 24960 track 4
implicit tuplet start cr 0x7f8d9d934ba0 tick 30720 track 4
implicit tuplet start cr 0x7f8d9d944190 tick 48000 track 4
implicit tuplet start cr 0x7f8d9d94d310 tick 53760 track 4
implicit tuplet start cr 0x7f8d9d985c40 tick 111360 track 4
implicit tuplet start cr 0x7f8d9d98eb40 tick 117120 track 4
implicit tuplet start cr 0x7f8d9d99f8a0 tick 134400 track 4
implicit tuplet start cr 0x7f8d9d9a7260 tick 140160 track 4
next note at 82080 track 4 for tie not found (version 206)
Converted to MSCX using MuseScore


Downloaded mazurka-52.xml
initScoreFonts 0x7fca2b862390
libpng warning: iCCP: known incorrect sRGB profile
convert <mazurka-52.xml> to <mazurka-52.mscx>
Error at line 17 col 15: no instrument found for part 'P1'
implicit tuplet start cr 0x7fca2a53f730 tick 11520 track 0
implicit tuplet start cr 0x7fca2a546770 tick 14400 track 0
implicit tuplet start cr 0x7fca2a54d230 tick 17280 track 0
implicit tuplet start cr 0x7fca2a570ca0 tick 34560 track 0
implicit tuplet start cr 0x7fca2a577ce0 tick 37440 track 0
implicit tuplet start cr 0x7fca2ff06af0 tick 40320 track 0
implicit tuplet start cr 0x7fca2ff8b180 tick 68160 track 0
implicit tuplet start cr 0x7fca2ff8cf90 tick 69120 track 0
implicit tuplet start cr 0x7fca2ff3a9a0 tick 72000 track 0
implicit tuplet start cr 0x7fca2ff65a20 tick 74880 track 0
implicit tuplet start cr 0x7fca2ff34980 tick 83520 track 0
implicit tuplet start cr 0x7fca2ff4d9f0 tick 86400 track 0
implicit tuplet start cr 0x7fca2ff586b0 tick 89280 track 0
implicit tuplet start cr 0x7fca2ff2b900 tick 90720 track 0
implicit tuplet start cr 0x7fca2ff5dac0 tick 95040 track 0
implicit tuplet start cr 0x7fca2ff57570 tick 97920 track 0
implicit tuplet start cr 0x7fca2ff6f200 tick 100800 track 0
implicit tuplet start cr 0x7fca2ffa40b0 tick 115200 track 0
implicit tuplet start cr 0x7fca2ffab0f0 tick 118080 track 0
implicit tuplet start cr 0x7fca2ffb1d20 tick 120960 track 0
implicit tuplet start cr 0x7fca2ff76a60 tick 148800 track 0
implicit tuplet start cr 0x7fca2ff788a0 tick 149760 track 0
implicit tuplet start cr 0x7fca2ffedfd0 tick 152640 track 0
implicit tuplet start cr 0x7fca2fff3bb0 tick 155520 track 0
Error at line 11851 col 15: no instrument found for part 'P2'
Converted to MSCX using MuseScore

